<?xml version="1.0" encoding="UTF-8"?>
<testsuites>
  <testsuite name="C:\xampp\htdocs\twins-erp\phpunit.xml" tests="25" assertions="0" errors="25" failures="0" skipped="0" time="0.000000">
    <testsuite name="Feature" tests="25" assertions="0" errors="25" failures="0" skipped="0" time="0.000000">
      <testsuite name="Tests\Feature\AdminRoleManagementTest" file="C:\xampp\htdocs\twins-erp\tests\Feature\AdminRoleManagementTest.php" tests="3" assertions="0" errors="3" failures="0" skipped="0" time="0.000000">
        <testcase name="admin_can_create_a_new_role" file="C:\xampp\htdocs\twins-erp\tests\Feature\AdminRoleManagementTest.php" line="61" class="Tests\Feature\AdminRoleManagementTest" classname="Tests.Feature.AdminRoleManagementTest" assertions="0" time="0.000000">
          <error type="Illuminate\Database\QueryException">Tests\Feature\AdminRoleManagementTest::admin_can_create_a_new_role&#13;
Illuminate\Database\QueryException: SQLSTATE[42S02]: Base table or view not found: 1146 Table 'twins_testing.purchases' doesn't exist (Connection: mysql, SQL: alter table `purchases` add `depot_id` bigint unsigned null after `product_id`)
&#13;
C:\xampp\htdocs\twins-erp\vendor\laravel\framework\src\Illuminate\Database\Connection.php:571
C:\xampp\htdocs\twins-erp\vendor\laravel\framework\src\Illuminate\Database\Connection.php:812
C:\xampp\htdocs\twins-erp\vendor\laravel\framework\src\Illuminate\Database\Connection.php:779
C:\xampp\htdocs\twins-erp\vendor\laravel\framework\src\Illuminate\Database\Connection.php:560
C:\xampp\htdocs\twins-erp\vendor\laravel\framework\src\Illuminate\Database\Schema\Blueprint.php:118
C:\xampp\htdocs\twins-erp\vendor\laravel\framework\src\Illuminate\Database\Schema\Builder.php:564
C:\xampp\htdocs\twins-erp\vendor\laravel\framework\src\Illuminate\Database\Schema\Builder.php:406
C:\xampp\htdocs\twins-erp\vendor\laravel\framework\src\Illuminate\Support\Facades\Facade.php:361
C:\xampp\htdocs\twins-erp\database\migrations\2026_02_06_192441_add_depot_id_to_purchases_table.php:10
C:\xampp\htdocs\twins-erp\vendor\laravel\framework\src\Illuminate\Database\Migrations\Migrator.php:507
C:\xampp\htdocs\twins-erp\vendor\laravel\framework\src\Illuminate\Database\Migrations\Migrator.php:432
C:\xampp\htdocs\twins-erp\vendor\laravel\framework\src\Illuminate\Database\Migrations\Migrator.php:441
C:\xampp\htdocs\twins-erp\vendor\laravel\framework\src\Illuminate\Database\Migrations\Migrator.php:244
C:\xampp\htdocs\twins-erp\vendor\laravel\framework\src\Illuminate\Console\View\Components\Task.php:40
C:\xampp\htdocs\twins-erp\vendor\laravel\framework\src\Illuminate\Database\Migrations\Migrator.php:798
C:\xampp\htdocs\twins-erp\vendor\laravel\framework\src\Illuminate\Database\Migrations\Migrator.php:244
C:\xampp\htdocs\twins-erp\vendor\laravel\framework\src\Illuminate\Database\Migrations\Migrator.php:211
C:\xampp\htdocs\twins-erp\vendor\laravel\framework\src\Illuminate\Database\Migrations\Migrator.php:138
C:\xampp\htdocs\twins-erp\vendor\laravel\framework\src\Illuminate\Database\Console\Migrations\MigrateCommand.php:117
C:\xampp\htdocs\twins-erp\vendor\laravel\framework\src\Illuminate\Database\Migrations\Migrator.php:658
C:\xampp\htdocs\twins-erp\vendor\laravel\framework\src\Illuminate\Database\Console\Migrations\MigrateCommand.php:110
C:\xampp\htdocs\twins-erp\vendor\laravel\framework\src\Illuminate\Database\Console\Migrations\MigrateCommand.php:89
C:\xampp\htdocs\twins-erp\vendor\laravel\framework\src\Illuminate\Container\BoundMethod.php:36
C:\xampp\htdocs\twins-erp\vendor\laravel\framework\src\Illuminate\Container\Util.php:43
C:\xampp\htdocs\twins-erp\vendor\laravel\framework\src\Illuminate\Container\BoundMethod.php:95
C:\xampp\htdocs\twins-erp\vendor\laravel\framework\src\Illuminate\Container\BoundMethod.php:35
C:\xampp\htdocs\twins-erp\vendor\laravel\framework\src\Illuminate\Container\Container.php:696
C:\xampp\htdocs\twins-erp\vendor\laravel\framework\src\Illuminate\Console\Command.php:213
C:\xampp\htdocs\twins-erp\vendor\symfony\console\Command\Command.php:318
C:\xampp\htdocs\twins-erp\vendor\laravel\framework\src\Illuminate\Console\Command.php:182
C:\xampp\htdocs\twins-erp\vendor\laravel\framework\src\Illuminate\Console\Concerns\CallsCommands.php:68
C:\xampp\htdocs\twins-erp\vendor\laravel\framework\src\Illuminate\Console\Concerns\CallsCommands.php:29
C:\xampp\htdocs\twins-erp\vendor\laravel\framework\src\Illuminate\Database\Console\Migrations\FreshCommand.php:82
C:\xampp\htdocs\twins-erp\vendor\laravel\framework\src\Illuminate\Container\BoundMethod.php:36
C:\xampp\htdocs\twins-erp\vendor\laravel\framework\src\Illuminate\Container\Util.php:43
C:\xampp\htdocs\twins-erp\vendor\laravel\framework\src\Illuminate\Container\BoundMethod.php:95
C:\xampp\htdocs\twins-erp\vendor\laravel\framework\src\Illuminate\Container\BoundMethod.php:35
C:\xampp\htdocs\twins-erp\vendor\laravel\framework\src\Illuminate\Container\Container.php:696
C:\xampp\htdocs\twins-erp\vendor\laravel\framework\src\Illuminate\Console\Command.php:213
C:\xampp\htdocs\twins-erp\vendor\symfony\console\Command\Command.php:318
C:\xampp\htdocs\twins-erp\vendor\laravel\framework\src\Illuminate\Console\Command.php:182
C:\xampp\htdocs\twins-erp\vendor\symfony\console\Application.php:1055
C:\xampp\htdocs\twins-erp\vendor\symfony\console\Application.php:356
C:\xampp\htdocs\twins-erp\vendor\symfony\console\Application.php:195
C:\xampp\htdocs\twins-erp\vendor\laravel\framework\src\Illuminate\Console\Application.php:166
C:\xampp\htdocs\twins-erp\vendor\laravel\framework\src\Illuminate\Foundation\Console\Kernel.php:427
C:\xampp\htdocs\twins-erp\vendor\laravel\framework\src\Illuminate\Testing\PendingCommand.php:332
C:\xampp\htdocs\twins-erp\vendor\laravel\framework\src\Illuminate\Testing\PendingCommand.php:556
C:\xampp\htdocs\twins-erp\vendor\laravel\framework\src\Illuminate\Foundation\Testing\Concerns\InteractsWithConsole.php:87
C:\xampp\htdocs\twins-erp\vendor\laravel\framework\src\Illuminate\Foundation\Testing\RefreshDatabase.php:66
C:\xampp\htdocs\twins-erp\vendor\laravel\framework\src\Illuminate\Foundation\Testing\RefreshDatabase.php:25
C:\xampp\htdocs\twins-erp\vendor\laravel\framework\src\Illuminate\Foundation\Testing\Concerns\InteractsWithTestCaseLifecycle.php:209
C:\xampp\htdocs\twins-erp\vendor\laravel\framework\src\Illuminate\Foundation\Testing\Concerns\InteractsWithTestCaseLifecycle.php:97
C:\xampp\htdocs\twins-erp\vendor\laravel\framework\src\Illuminate\Foundation\Testing\TestCase.php:44
C:\xampp\htdocs\twins-erp\tests\TestCase.php:19
C:\xampp\htdocs\twins-erp\tests\Feature\AdminRoleManagementTest.php:15</error>
        </testcase>
        <testcase name="admin_can_update_a_roles_permissions" file="C:\xampp\htdocs\twins-erp\tests\Feature\AdminRoleManagementTest.php" line="93" class="Tests\Feature\AdminRoleManagementTest" classname="Tests.Feature.AdminRoleManagementTest" assertions="0" time="0.000000">
          <error type="Illuminate\Database\QueryException">Tests\Feature\AdminRoleManagementTest::admin_can_update_a_roles_permissions&#13;
Illuminate\Database\QueryException: SQLSTATE[42S02]: Base table or view not found: 1146 Table 'twins_testing.purchases' doesn't exist (Connection: mysql, SQL: alter table `purchases` add `depot_id` bigint unsigned null after `product_id`)
&#13;
C:\xampp\htdocs\twins-erp\vendor\laravel\framework\src\Illuminate\Database\Connection.php:571
C:\xampp\htdocs\twins-erp\vendor\laravel\framework\src\Illuminate\Database\Connection.php:812
C:\xampp\htdocs\twins-erp\vendor\laravel\framework\src\Illuminate\Database\Connection.php:779
C:\xampp\htdocs\twins-erp\vendor\laravel\framework\src\Illuminate\Database\Connection.php:560
C:\xampp\htdocs\twins-erp\vendor\laravel\framework\src\Illuminate\Database\Schema\Blueprint.php:118
C:\xampp\htdocs\twins-erp\vendor\laravel\framework\src\Illuminate\Database\Schema\Builder.php:564
C:\xampp\htdocs\twins-erp\vendor\laravel\framework\src\Illuminate\Database\Schema\Builder.php:406
C:\xampp\htdocs\twins-erp\vendor\laravel\framework\src\Illuminate\Support\Facades\Facade.php:361
C:\xampp\htdocs\twins-erp\database\migrations\2026_02_06_192441_add_depot_id_to_purchases_table.php:10
C:\xampp\htdocs\twins-erp\vendor\laravel\framework\src\Illuminate\Database\Migrations\Migrator.php:507
C:\xampp\htdocs\twins-erp\vendor\laravel\framework\src\Illuminate\Database\Migrations\Migrator.php:432
C:\xampp\htdocs\twins-erp\vendor\laravel\framework\src\Illuminate\Database\Migrations\Migrator.php:441
C:\xampp\htdocs\twins-erp\vendor\laravel\framework\src\Illuminate\Database\Migrations\Migrator.php:244
C:\xampp\htdocs\twins-erp\vendor\laravel\framework\src\Illuminate\Console\View\Components\Task.php:40
C:\xampp\htdocs\twins-erp\vendor\laravel\framework\src\Illuminate\Database\Migrations\Migrator.php:798
C:\xampp\htdocs\twins-erp\vendor\laravel\framework\src\Illuminate\Database\Migrations\Migrator.php:244
C:\xampp\htdocs\twins-erp\vendor\laravel\framework\src\Illuminate\Database\Migrations\Migrator.php:211
C:\xampp\htdocs\twins-erp\vendor\laravel\framework\src\Illuminate\Database\Migrations\Migrator.php:138
C:\xampp\htdocs\twins-erp\vendor\laravel\framework\src\Illuminate\Database\Console\Migrations\MigrateCommand.php:117
C:\xampp\htdocs\twins-erp\vendor\laravel\framework\src\Illuminate\Database\Migrations\Migrator.php:658
C:\xampp\htdocs\twins-erp\vendor\laravel\framework\src\Illuminate\Database\Console\Migrations\MigrateCommand.php:110
C:\xampp\htdocs\twins-erp\vendor\laravel\framework\src\Illuminate\Database\Console\Migrations\MigrateCommand.php:89
C:\xampp\htdocs\twins-erp\vendor\laravel\framework\src\Illuminate\Container\BoundMethod.php:36
C:\xampp\htdocs\twins-erp\vendor\laravel\framework\src\Illuminate\Container\Util.php:43
C:\xampp\htdocs\twins-erp\vendor\laravel\framework\src\Illuminate\Container\BoundMethod.php:95
C:\xampp\htdocs\twins-erp\vendor\laravel\framework\src\Illuminate\Container\BoundMethod.php:35
C:\xampp\htdocs\twins-erp\vendor\laravel\framework\src\Illuminate\Container\Container.php:696
C:\xampp\htdocs\twins-erp\vendor\laravel\framework\src\Illuminate\Console\Command.php:213
C:\xampp\htdocs\twins-erp\vendor\symfony\console\Command\Command.php:318
C:\xampp\htdocs\twins-erp\vendor\laravel\framework\src\Illuminate\Console\Command.php:182
C:\xampp\htdocs\twins-erp\vendor\laravel\framework\src\Illuminate\Console\Concerns\CallsCommands.php:68
C:\xampp\htdocs\twins-erp\vendor\laravel\framework\src\Illuminate\Console\Concerns\CallsCommands.php:29
C:\xampp\htdocs\twins-erp\vendor\laravel\framework\src\Illuminate\Database\Console\Migrations\FreshCommand.php:82
C:\xampp\htdocs\twins-erp\vendor\laravel\framework\src\Illuminate\Container\BoundMethod.php:36
C:\xampp\htdocs\twins-erp\vendor\laravel\framework\src\Illuminate\Container\Util.php:43
C:\xampp\htdocs\twins-erp\vendor\laravel\framework\src\Illuminate\Container\BoundMethod.php:95
C:\xampp\htdocs\twins-erp\vendor\laravel\framework\src\Illuminate\Container\BoundMethod.php:35
C:\xampp\htdocs\twins-erp\vendor\laravel\framework\src\Illuminate\Container\Container.php:696
C:\xampp\htdocs\twins-erp\vendor\laravel\framework\src\Illuminate\Console\Command.php:213
C:\xampp\htdocs\twins-erp\vendor\symfony\console\Command\Command.php:318
C:\xampp\htdocs\twins-erp\vendor\laravel\framework\src\Illuminate\Console\Command.php:182
C:\xampp\htdocs\twins-erp\vendor\symfony\console\Application.php:1055
C:\xampp\htdocs\twins-erp\vendor\symfony\console\Application.php:356
C:\xampp\htdocs\twins-erp\vendor\symfony\console\Application.php:195
C:\xampp\htdocs\twins-erp\vendor\laravel\framework\src\Illuminate\Console\Application.php:166
C:\xampp\htdocs\twins-erp\vendor\laravel\framework\src\Illuminate\Foundation\Console\Kernel.php:427
C:\xampp\htdocs\twins-erp\vendor\laravel\framework\src\Illuminate\Testing\PendingCommand.php:332
C:\xampp\htdocs\twins-erp\vendor\laravel\framework\src\Illuminate\Testing\PendingCommand.php:556
C:\xampp\htdocs\twins-erp\vendor\laravel\framework\src\Illuminate\Foundation\Testing\Concerns\InteractsWithConsole.php:87
C:\xampp\htdocs\twins-erp\vendor\laravel\framework\src\Illuminate\Foundation\Testing\RefreshDatabase.php:66
C:\xampp\htdocs\twins-erp\vendor\laravel\framework\src\Illuminate\Foundation\Testing\RefreshDatabase.php:25
C:\xampp\htdocs\twins-erp\vendor\laravel\framework\src\Illuminate\Foundation\Testing\Concerns\InteractsWithTestCaseLifecycle.php:209
C:\xampp\htdocs\twins-erp\vendor\laravel\framework\src\Illuminate\Foundation\Testing\Concerns\InteractsWithTestCaseLifecycle.php:97
C:\xampp\htdocs\twins-erp\vendor\laravel\framework\src\Illuminate\Foundation\Testing\TestCase.php:44
C:\xampp\htdocs\twins-erp\tests\TestCase.php:19
C:\xampp\htdocs\twins-erp\tests\Feature\AdminRoleManagementTest.php:15</error>
        </testcase>
        <testcase name="permissions_can_be_cleared_by_sending_empty_array" file="C:\xampp\htdocs\twins-erp\tests\Feature\AdminRoleManagementTest.php" line="121" class="Tests\Feature\AdminRoleManagementTest" classname="Tests.Feature.AdminRoleManagementTest" assertions="0" time="0.000000">
          <error type="Illuminate\Database\QueryException">Tests\Feature\AdminRoleManagementTest::permissions_can_be_cleared_by_sending_empty_array&#13;
Illuminate\Database\QueryException: SQLSTATE[42S02]: Base table or view not found: 1146 Table 'twins_testing.purchases' doesn't exist (Connection: mysql, SQL: alter table `purchases` add `depot_id` bigint unsigned null after `product_id`)
&#13;
C:\xampp\htdocs\twins-erp\vendor\laravel\framework\src\Illuminate\Database\Connection.php:571
C:\xampp\htdocs\twins-erp\vendor\laravel\framework\src\Illuminate\Database\Connection.php:812
C:\xampp\htdocs\twins-erp\vendor\laravel\framework\src\Illuminate\Database\Connection.php:779
C:\xampp\htdocs\twins-erp\vendor\laravel\framework\src\Illuminate\Database\Connection.php:560
C:\xampp\htdocs\twins-erp\vendor\laravel\framework\src\Illuminate\Database\Schema\Blueprint.php:118
C:\xampp\htdocs\twins-erp\vendor\laravel\framework\src\Illuminate\Database\Schema\Builder.php:564
C:\xampp\htdocs\twins-erp\vendor\laravel\framework\src\Illuminate\Database\Schema\Builder.php:406
C:\xampp\htdocs\twins-erp\vendor\laravel\framework\src\Illuminate\Support\Facades\Facade.php:361
C:\xampp\htdocs\twins-erp\database\migrations\2026_02_06_192441_add_depot_id_to_purchases_table.php:10
C:\xampp\htdocs\twins-erp\vendor\laravel\framework\src\Illuminate\Database\Migrations\Migrator.php:507
C:\xampp\htdocs\twins-erp\vendor\laravel\framework\src\Illuminate\Database\Migrations\Migrator.php:432
C:\xampp\htdocs\twins-erp\vendor\laravel\framework\src\Illuminate\Database\Migrations\Migrator.php:441
C:\xampp\htdocs\twins-erp\vendor\laravel\framework\src\Illuminate\Database\Migrations\Migrator.php:244
C:\xampp\htdocs\twins-erp\vendor\laravel\framework\src\Illuminate\Console\View\Components\Task.php:40
C:\xampp\htdocs\twins-erp\vendor\laravel\framework\src\Illuminate\Database\Migrations\Migrator.php:798
C:\xampp\htdocs\twins-erp\vendor\laravel\framework\src\Illuminate\Database\Migrations\Migrator.php:244
C:\xampp\htdocs\twins-erp\vendor\laravel\framework\src\Illuminate\Database\Migrations\Migrator.php:211
C:\xampp\htdocs\twins-erp\vendor\laravel\framework\src\Illuminate\Database\Migrations\Migrator.php:138
C:\xampp\htdocs\twins-erp\vendor\laravel\framework\src\Illuminate\Database\Console\Migrations\MigrateCommand.php:117
C:\xampp\htdocs\twins-erp\vendor\laravel\framework\src\Illuminate\Database\Migrations\Migrator.php:658
C:\xampp\htdocs\twins-erp\vendor\laravel\framework\src\Illuminate\Database\Console\Migrations\MigrateCommand.php:110
C:\xampp\htdocs\twins-erp\vendor\laravel\framework\src\Illuminate\Database\Console\Migrations\MigrateCommand.php:89
C:\xampp\htdocs\twins-erp\vendor\laravel\framework\src\Illuminate\Container\BoundMethod.php:36
C:\xampp\htdocs\twins-erp\vendor\laravel\framework\src\Illuminate\Container\Util.php:43
C:\xampp\htdocs\twins-erp\vendor\laravel\framework\src\Illuminate\Container\BoundMethod.php:95
C:\xampp\htdocs\twins-erp\vendor\laravel\framework\src\Illuminate\Container\BoundMethod.php:35
C:\xampp\htdocs\twins-erp\vendor\laravel\framework\src\Illuminate\Container\Container.php:696
C:\xampp\htdocs\twins-erp\vendor\laravel\framework\src\Illuminate\Console\Command.php:213
C:\xampp\htdocs\twins-erp\vendor\symfony\console\Command\Command.php:318
C:\xampp\htdocs\twins-erp\vendor\laravel\framework\src\Illuminate\Console\Command.php:182
C:\xampp\htdocs\twins-erp\vendor\laravel\framework\src\Illuminate\Console\Concerns\CallsCommands.php:68
C:\xampp\htdocs\twins-erp\vendor\laravel\framework\src\Illuminate\Console\Concerns\CallsCommands.php:29
C:\xampp\htdocs\twins-erp\vendor\laravel\framework\src\Illuminate\Database\Console\Migrations\FreshCommand.php:82
C:\xampp\htdocs\twins-erp\vendor\laravel\framework\src\Illuminate\Container\BoundMethod.php:36
C:\xampp\htdocs\twins-erp\vendor\laravel\framework\src\Illuminate\Container\Util.php:43
C:\xampp\htdocs\twins-erp\vendor\laravel\framework\src\Illuminate\Container\BoundMethod.php:95
C:\xampp\htdocs\twins-erp\vendor\laravel\framework\src\Illuminate\Container\BoundMethod.php:35
C:\xampp\htdocs\twins-erp\vendor\laravel\framework\src\Illuminate\Container\Container.php:696
C:\xampp\htdocs\twins-erp\vendor\laravel\framework\src\Illuminate\Console\Command.php:213
C:\xampp\htdocs\twins-erp\vendor\symfony\console\Command\Command.php:318
C:\xampp\htdocs\twins-erp\vendor\laravel\framework\src\Illuminate\Console\Command.php:182
C:\xampp\htdocs\twins-erp\vendor\symfony\console\Application.php:1055
C:\xampp\htdocs\twins-erp\vendor\symfony\console\Application.php:356
C:\xampp\htdocs\twins-erp\vendor\symfony\console\Application.php:195
C:\xampp\htdocs\twins-erp\vendor\laravel\framework\src\Illuminate\Console\Application.php:166
C:\xampp\htdocs\twins-erp\vendor\laravel\framework\src\Illuminate\Foundation\Console\Kernel.php:427
C:\xampp\htdocs\twins-erp\vendor\laravel\framework\src\Illuminate\Testing\PendingCommand.php:332
C:\xampp\htdocs\twins-erp\vendor\laravel\framework\src\Illuminate\Testing\PendingCommand.php:556
C:\xampp\htdocs\twins-erp\vendor\laravel\framework\src\Illuminate\Foundation\Testing\Concerns\InteractsWithConsole.php:87
C:\xampp\htdocs\twins-erp\vendor\laravel\framework\src\Illuminate\Foundation\Testing\RefreshDatabase.php:66
C:\xampp\htdocs\twins-erp\vendor\laravel\framework\src\Illuminate\Foundation\Testing\RefreshDatabase.php:25
C:\xampp\htdocs\twins-erp\vendor\laravel\framework\src\Illuminate\Foundation\Testing\Concerns\InteractsWithTestCaseLifecycle.php:209
C:\xampp\htdocs\twins-erp\vendor\laravel\framework\src\Illuminate\Foundation\Testing\Concerns\InteractsWithTestCaseLifecycle.php:97
C:\xampp\htdocs\twins-erp\vendor\laravel\framework\src\Illuminate\Foundation\Testing\TestCase.php:44
C:\xampp\htdocs\twins-erp\tests\TestCase.php:19
C:\xampp\htdocs\twins-erp\tests\Feature\AdminRoleManagementTest.php:15</error>
        </testcase>
      </testsuite>
      <testsuite name="Tests\Feature\AdminUserManagementTest" file="C:\xampp\htdocs\twins-erp\tests\Feature\AdminUserManagementTest.php" tests="6" assertions="0" errors="6" failures="0" skipped="0" time="0.000000">
        <testcase name="owner_can_view_users_page" file="C:\xampp\htdocs\twins-erp\tests\Feature\AdminUserManagementTest.php" line="64" class="Tests\Feature\AdminUserManagementTest" classname="Tests.Feature.AdminUserManagementTest" assertions="0" time="0.000000">
          <error type="Illuminate\Database\QueryException">Tests\Feature\AdminUserManagementTest::owner_can_view_users_page&#13;
Illuminate\Database\QueryException: SQLSTATE[42S02]: Base table or view not found: 1146 Table 'twins_testing.purchases' doesn't exist (Connection: mysql, SQL: alter table `purchases` add `depot_id` bigint unsigned null after `product_id`)
&#13;
C:\xampp\htdocs\twins-erp\vendor\laravel\framework\src\Illuminate\Database\Connection.php:571
C:\xampp\htdocs\twins-erp\vendor\laravel\framework\src\Illuminate\Database\Connection.php:812
C:\xampp\htdocs\twins-erp\vendor\laravel\framework\src\Illuminate\Database\Connection.php:779
C:\xampp\htdocs\twins-erp\vendor\laravel\framework\src\Illuminate\Database\Connection.php:560
C:\xampp\htdocs\twins-erp\vendor\laravel\framework\src\Illuminate\Database\Schema\Blueprint.php:118
C:\xampp\htdocs\twins-erp\vendor\laravel\framework\src\Illuminate\Database\Schema\Builder.php:564
C:\xampp\htdocs\twins-erp\vendor\laravel\framework\src\Illuminate\Database\Schema\Builder.php:406
C:\xampp\htdocs\twins-erp\vendor\laravel\framework\src\Illuminate\Support\Facades\Facade.php:361
C:\xampp\htdocs\twins-erp\database\migrations\2026_02_06_192441_add_depot_id_to_purchases_table.php:10
C:\xampp\htdocs\twins-erp\vendor\laravel\framework\src\Illuminate\Database\Migrations\Migrator.php:507
C:\xampp\htdocs\twins-erp\vendor\laravel\framework\src\Illuminate\Database\Migrations\Migrator.php:432
C:\xampp\htdocs\twins-erp\vendor\laravel\framework\src\Illuminate\Database\Migrations\Migrator.php:441
C:\xampp\htdocs\twins-erp\vendor\laravel\framework\src\Illuminate\Database\Migrations\Migrator.php:244
C:\xampp\htdocs\twins-erp\vendor\laravel\framework\src\Illuminate\Console\View\Components\Task.php:40
C:\xampp\htdocs\twins-erp\vendor\laravel\framework\src\Illuminate\Database\Migrations\Migrator.php:798
C:\xampp\htdocs\twins-erp\vendor\laravel\framework\src\Illuminate\Database\Migrations\Migrator.php:244
C:\xampp\htdocs\twins-erp\vendor\laravel\framework\src\Illuminate\Database\Migrations\Migrator.php:211
C:\xampp\htdocs\twins-erp\vendor\laravel\framework\src\Illuminate\Database\Migrations\Migrator.php:138
C:\xampp\htdocs\twins-erp\vendor\laravel\framework\src\Illuminate\Database\Console\Migrations\MigrateCommand.php:117
C:\xampp\htdocs\twins-erp\vendor\laravel\framework\src\Illuminate\Database\Migrations\Migrator.php:658
C:\xampp\htdocs\twins-erp\vendor\laravel\framework\src\Illuminate\Database\Console\Migrations\MigrateCommand.php:110
C:\xampp\htdocs\twins-erp\vendor\laravel\framework\src\Illuminate\Database\Console\Migrations\MigrateCommand.php:89
C:\xampp\htdocs\twins-erp\vendor\laravel\framework\src\Illuminate\Container\BoundMethod.php:36
C:\xampp\htdocs\twins-erp\vendor\laravel\framework\src\Illuminate\Container\Util.php:43
C:\xampp\htdocs\twins-erp\vendor\laravel\framework\src\Illuminate\Container\BoundMethod.php:95
C:\xampp\htdocs\twins-erp\vendor\laravel\framework\src\Illuminate\Container\BoundMethod.php:35
C:\xampp\htdocs\twins-erp\vendor\laravel\framework\src\Illuminate\Container\Container.php:696
C:\xampp\htdocs\twins-erp\vendor\laravel\framework\src\Illuminate\Console\Command.php:213
C:\xampp\htdocs\twins-erp\vendor\symfony\console\Command\Command.php:318
C:\xampp\htdocs\twins-erp\vendor\laravel\framework\src\Illuminate\Console\Command.php:182
C:\xampp\htdocs\twins-erp\vendor\laravel\framework\src\Illuminate\Console\Concerns\CallsCommands.php:68
C:\xampp\htdocs\twins-erp\vendor\laravel\framework\src\Illuminate\Console\Concerns\CallsCommands.php:29
C:\xampp\htdocs\twins-erp\vendor\laravel\framework\src\Illuminate\Database\Console\Migrations\FreshCommand.php:82
C:\xampp\htdocs\twins-erp\vendor\laravel\framework\src\Illuminate\Container\BoundMethod.php:36
C:\xampp\htdocs\twins-erp\vendor\laravel\framework\src\Illuminate\Container\Util.php:43
C:\xampp\htdocs\twins-erp\vendor\laravel\framework\src\Illuminate\Container\BoundMethod.php:95
C:\xampp\htdocs\twins-erp\vendor\laravel\framework\src\Illuminate\Container\BoundMethod.php:35
C:\xampp\htdocs\twins-erp\vendor\laravel\framework\src\Illuminate\Container\Container.php:696
C:\xampp\htdocs\twins-erp\vendor\laravel\framework\src\Illuminate\Console\Command.php:213
C:\xampp\htdocs\twins-erp\vendor\symfony\console\Command\Command.php:318
C:\xampp\htdocs\twins-erp\vendor\laravel\framework\src\Illuminate\Console\Command.php:182
C:\xampp\htdocs\twins-erp\vendor\symfony\console\Application.php:1055
C:\xampp\htdocs\twins-erp\vendor\symfony\console\Application.php:356
C:\xampp\htdocs\twins-erp\vendor\symfony\console\Application.php:195
C:\xampp\htdocs\twins-erp\vendor\laravel\framework\src\Illuminate\Console\Application.php:166
C:\xampp\htdocs\twins-erp\vendor\laravel\framework\src\Illuminate\Foundation\Console\Kernel.php:427
C:\xampp\htdocs\twins-erp\vendor\laravel\framework\src\Illuminate\Testing\PendingCommand.php:332
C:\xampp\htdocs\twins-erp\vendor\laravel\framework\src\Illuminate\Testing\PendingCommand.php:556
C:\xampp\htdocs\twins-erp\vendor\laravel\framework\src\Illuminate\Foundation\Testing\Concerns\InteractsWithConsole.php:87
C:\xampp\htdocs\twins-erp\vendor\laravel\framework\src\Illuminate\Foundation\Testing\RefreshDatabase.php:66
C:\xampp\htdocs\twins-erp\vendor\laravel\framework\src\Illuminate\Foundation\Testing\RefreshDatabase.php:25
C:\xampp\htdocs\twins-erp\vendor\laravel\framework\src\Illuminate\Foundation\Testing\Concerns\InteractsWithTestCaseLifecycle.php:209
C:\xampp\htdocs\twins-erp\vendor\laravel\framework\src\Illuminate\Foundation\Testing\Concerns\InteractsWithTestCaseLifecycle.php:97
C:\xampp\htdocs\twins-erp\vendor\laravel\framework\src\Illuminate\Foundation\Testing\TestCase.php:44
C:\xampp\htdocs\twins-erp\tests\TestCase.php:19</error>
        </testcase>
        <testcase name="non_owner_cannot_access_admin_users" file="C:\xampp\htdocs\twins-erp\tests\Feature\AdminUserManagementTest.php" line="75" class="Tests\Feature\AdminUserManagementTest" classname="Tests.Feature.AdminUserManagementTest" assertions="0" time="0.000000">
          <error type="Illuminate\Database\QueryException">Tests\Feature\AdminUserManagementTest::non_owner_cannot_access_admin_users&#13;
Illuminate\Database\QueryException: SQLSTATE[42S02]: Base table or view not found: 1146 Table 'twins_testing.purchases' doesn't exist (Connection: mysql, SQL: alter table `purchases` add `depot_id` bigint unsigned null after `product_id`)
&#13;
C:\xampp\htdocs\twins-erp\vendor\laravel\framework\src\Illuminate\Database\Connection.php:571
C:\xampp\htdocs\twins-erp\vendor\laravel\framework\src\Illuminate\Database\Connection.php:812
C:\xampp\htdocs\twins-erp\vendor\laravel\framework\src\Illuminate\Database\Connection.php:779
C:\xampp\htdocs\twins-erp\vendor\laravel\framework\src\Illuminate\Database\Connection.php:560
C:\xampp\htdocs\twins-erp\vendor\laravel\framework\src\Illuminate\Database\Schema\Blueprint.php:118
C:\xampp\htdocs\twins-erp\vendor\laravel\framework\src\Illuminate\Database\Schema\Builder.php:564
C:\xampp\htdocs\twins-erp\vendor\laravel\framework\src\Illuminate\Database\Schema\Builder.php:406
C:\xampp\htdocs\twins-erp\vendor\laravel\framework\src\Illuminate\Support\Facades\Facade.php:361
C:\xampp\htdocs\twins-erp\database\migrations\2026_02_06_192441_add_depot_id_to_purchases_table.php:10
C:\xampp\htdocs\twins-erp\vendor\laravel\framework\src\Illuminate\Database\Migrations\Migrator.php:507
C:\xampp\htdocs\twins-erp\vendor\laravel\framework\src\Illuminate\Database\Migrations\Migrator.php:432
C:\xampp\htdocs\twins-erp\vendor\laravel\framework\src\Illuminate\Database\Migrations\Migrator.php:441
C:\xampp\htdocs\twins-erp\vendor\laravel\framework\src\Illuminate\Database\Migrations\Migrator.php:244
C:\xampp\htdocs\twins-erp\vendor\laravel\framework\src\Illuminate\Console\View\Components\Task.php:40
C:\xampp\htdocs\twins-erp\vendor\laravel\framework\src\Illuminate\Database\Migrations\Migrator.php:798
C:\xampp\htdocs\twins-erp\vendor\laravel\framework\src\Illuminate\Database\Migrations\Migrator.php:244
C:\xampp\htdocs\twins-erp\vendor\laravel\framework\src\Illuminate\Database\Migrations\Migrator.php:211
C:\xampp\htdocs\twins-erp\vendor\laravel\framework\src\Illuminate\Database\Migrations\Migrator.php:138
C:\xampp\htdocs\twins-erp\vendor\laravel\framework\src\Illuminate\Database\Console\Migrations\MigrateCommand.php:117
C:\xampp\htdocs\twins-erp\vendor\laravel\framework\src\Illuminate\Database\Migrations\Migrator.php:658
C:\xampp\htdocs\twins-erp\vendor\laravel\framework\src\Illuminate\Database\Console\Migrations\MigrateCommand.php:110
C:\xampp\htdocs\twins-erp\vendor\laravel\framework\src\Illuminate\Database\Console\Migrations\MigrateCommand.php:89
C:\xampp\htdocs\twins-erp\vendor\laravel\framework\src\Illuminate\Container\BoundMethod.php:36
C:\xampp\htdocs\twins-erp\vendor\laravel\framework\src\Illuminate\Container\Util.php:43
C:\xampp\htdocs\twins-erp\vendor\laravel\framework\src\Illuminate\Container\BoundMethod.php:95
C:\xampp\htdocs\twins-erp\vendor\laravel\framework\src\Illuminate\Container\BoundMethod.php:35
C:\xampp\htdocs\twins-erp\vendor\laravel\framework\src\Illuminate\Container\Container.php:696
C:\xampp\htdocs\twins-erp\vendor\laravel\framework\src\Illuminate\Console\Command.php:213
C:\xampp\htdocs\twins-erp\vendor\symfony\console\Command\Command.php:318
C:\xampp\htdocs\twins-erp\vendor\laravel\framework\src\Illuminate\Console\Command.php:182
C:\xampp\htdocs\twins-erp\vendor\laravel\framework\src\Illuminate\Console\Concerns\CallsCommands.php:68
C:\xampp\htdocs\twins-erp\vendor\laravel\framework\src\Illuminate\Console\Concerns\CallsCommands.php:29
C:\xampp\htdocs\twins-erp\vendor\laravel\framework\src\Illuminate\Database\Console\Migrations\FreshCommand.php:82
C:\xampp\htdocs\twins-erp\vendor\laravel\framework\src\Illuminate\Container\BoundMethod.php:36
C:\xampp\htdocs\twins-erp\vendor\laravel\framework\src\Illuminate\Container\Util.php:43
C:\xampp\htdocs\twins-erp\vendor\laravel\framework\src\Illuminate\Container\BoundMethod.php:95
C:\xampp\htdocs\twins-erp\vendor\laravel\framework\src\Illuminate\Container\BoundMethod.php:35
C:\xampp\htdocs\twins-erp\vendor\laravel\framework\src\Illuminate\Container\Container.php:696
C:\xampp\htdocs\twins-erp\vendor\laravel\framework\src\Illuminate\Console\Command.php:213
C:\xampp\htdocs\twins-erp\vendor\symfony\console\Command\Command.php:318
C:\xampp\htdocs\twins-erp\vendor\laravel\framework\src\Illuminate\Console\Command.php:182
C:\xampp\htdocs\twins-erp\vendor\symfony\console\Application.php:1055
C:\xampp\htdocs\twins-erp\vendor\symfony\console\Application.php:356
C:\xampp\htdocs\twins-erp\vendor\symfony\console\Application.php:195
C:\xampp\htdocs\twins-erp\vendor\laravel\framework\src\Illuminate\Console\Application.php:166
C:\xampp\htdocs\twins-erp\vendor\laravel\framework\src\Illuminate\Foundation\Console\Kernel.php:427
C:\xampp\htdocs\twins-erp\vendor\laravel\framework\src\Illuminate\Testing\PendingCommand.php:332
C:\xampp\htdocs\twins-erp\vendor\laravel\framework\src\Illuminate\Testing\PendingCommand.php:556
C:\xampp\htdocs\twins-erp\vendor\laravel\framework\src\Illuminate\Foundation\Testing\Concerns\InteractsWithConsole.php:87
C:\xampp\htdocs\twins-erp\vendor\laravel\framework\src\Illuminate\Foundation\Testing\RefreshDatabase.php:66
C:\xampp\htdocs\twins-erp\vendor\laravel\framework\src\Illuminate\Foundation\Testing\RefreshDatabase.php:25
C:\xampp\htdocs\twins-erp\vendor\laravel\framework\src\Illuminate\Foundation\Testing\Concerns\InteractsWithTestCaseLifecycle.php:209
C:\xampp\htdocs\twins-erp\vendor\laravel\framework\src\Illuminate\Foundation\Testing\Concerns\InteractsWithTestCaseLifecycle.php:97
C:\xampp\htdocs\twins-erp\vendor\laravel\framework\src\Illuminate\Foundation\Testing\TestCase.php:44
C:\xampp\htdocs\twins-erp\tests\TestCase.php:19</error>
        </testcase>
        <testcase name="owner_can_create_user_with_manual_password" file="C:\xampp\htdocs\twins-erp\tests\Feature\AdminUserManagementTest.php" line="93" class="Tests\Feature\AdminUserManagementTest" classname="Tests.Feature.AdminUserManagementTest" assertions="0" time="0.000000">
          <error type="Illuminate\Database\QueryException">Tests\Feature\AdminUserManagementTest::owner_can_create_user_with_manual_password&#13;
Illuminate\Database\QueryException: SQLSTATE[42S02]: Base table or view not found: 1146 Table 'twins_testing.purchases' doesn't exist (Connection: mysql, SQL: alter table `purchases` add `depot_id` bigint unsigned null after `product_id`)
&#13;
C:\xampp\htdocs\twins-erp\vendor\laravel\framework\src\Illuminate\Database\Connection.php:571
C:\xampp\htdocs\twins-erp\vendor\laravel\framework\src\Illuminate\Database\Connection.php:812
C:\xampp\htdocs\twins-erp\vendor\laravel\framework\src\Illuminate\Database\Connection.php:779
C:\xampp\htdocs\twins-erp\vendor\laravel\framework\src\Illuminate\Database\Connection.php:560
C:\xampp\htdocs\twins-erp\vendor\laravel\framework\src\Illuminate\Database\Schema\Blueprint.php:118
C:\xampp\htdocs\twins-erp\vendor\laravel\framework\src\Illuminate\Database\Schema\Builder.php:564
C:\xampp\htdocs\twins-erp\vendor\laravel\framework\src\Illuminate\Database\Schema\Builder.php:406
C:\xampp\htdocs\twins-erp\vendor\laravel\framework\src\Illuminate\Support\Facades\Facade.php:361
C:\xampp\htdocs\twins-erp\database\migrations\2026_02_06_192441_add_depot_id_to_purchases_table.php:10
C:\xampp\htdocs\twins-erp\vendor\laravel\framework\src\Illuminate\Database\Migrations\Migrator.php:507
C:\xampp\htdocs\twins-erp\vendor\laravel\framework\src\Illuminate\Database\Migrations\Migrator.php:432
C:\xampp\htdocs\twins-erp\vendor\laravel\framework\src\Illuminate\Database\Migrations\Migrator.php:441
C:\xampp\htdocs\twins-erp\vendor\laravel\framework\src\Illuminate\Database\Migrations\Migrator.php:244
C:\xampp\htdocs\twins-erp\vendor\laravel\framework\src\Illuminate\Console\View\Components\Task.php:40
C:\xampp\htdocs\twins-erp\vendor\laravel\framework\src\Illuminate\Database\Migrations\Migrator.php:798
C:\xampp\htdocs\twins-erp\vendor\laravel\framework\src\Illuminate\Database\Migrations\Migrator.php:244
C:\xampp\htdocs\twins-erp\vendor\laravel\framework\src\Illuminate\Database\Migrations\Migrator.php:211
C:\xampp\htdocs\twins-erp\vendor\laravel\framework\src\Illuminate\Database\Migrations\Migrator.php:138
C:\xampp\htdocs\twins-erp\vendor\laravel\framework\src\Illuminate\Database\Console\Migrations\MigrateCommand.php:117
C:\xampp\htdocs\twins-erp\vendor\laravel\framework\src\Illuminate\Database\Migrations\Migrator.php:658
C:\xampp\htdocs\twins-erp\vendor\laravel\framework\src\Illuminate\Database\Console\Migrations\MigrateCommand.php:110
C:\xampp\htdocs\twins-erp\vendor\laravel\framework\src\Illuminate\Database\Console\Migrations\MigrateCommand.php:89
C:\xampp\htdocs\twins-erp\vendor\laravel\framework\src\Illuminate\Container\BoundMethod.php:36
C:\xampp\htdocs\twins-erp\vendor\laravel\framework\src\Illuminate\Container\Util.php:43
C:\xampp\htdocs\twins-erp\vendor\laravel\framework\src\Illuminate\Container\BoundMethod.php:95
C:\xampp\htdocs\twins-erp\vendor\laravel\framework\src\Illuminate\Container\BoundMethod.php:35
C:\xampp\htdocs\twins-erp\vendor\laravel\framework\src\Illuminate\Container\Container.php:696
C:\xampp\htdocs\twins-erp\vendor\laravel\framework\src\Illuminate\Console\Command.php:213
C:\xampp\htdocs\twins-erp\vendor\symfony\console\Command\Command.php:318
C:\xampp\htdocs\twins-erp\vendor\laravel\framework\src\Illuminate\Console\Command.php:182
C:\xampp\htdocs\twins-erp\vendor\laravel\framework\src\Illuminate\Console\Concerns\CallsCommands.php:68
C:\xampp\htdocs\twins-erp\vendor\laravel\framework\src\Illuminate\Console\Concerns\CallsCommands.php:29
C:\xampp\htdocs\twins-erp\vendor\laravel\framework\src\Illuminate\Database\Console\Migrations\FreshCommand.php:82
C:\xampp\htdocs\twins-erp\vendor\laravel\framework\src\Illuminate\Container\BoundMethod.php:36
C:\xampp\htdocs\twins-erp\vendor\laravel\framework\src\Illuminate\Container\Util.php:43
C:\xampp\htdocs\twins-erp\vendor\laravel\framework\src\Illuminate\Container\BoundMethod.php:95
C:\xampp\htdocs\twins-erp\vendor\laravel\framework\src\Illuminate\Container\BoundMethod.php:35
C:\xampp\htdocs\twins-erp\vendor\laravel\framework\src\Illuminate\Container\Container.php:696
C:\xampp\htdocs\twins-erp\vendor\laravel\framework\src\Illuminate\Console\Command.php:213
C:\xampp\htdocs\twins-erp\vendor\symfony\console\Command\Command.php:318
C:\xampp\htdocs\twins-erp\vendor\laravel\framework\src\Illuminate\Console\Command.php:182
C:\xampp\htdocs\twins-erp\vendor\symfony\console\Application.php:1055
C:\xampp\htdocs\twins-erp\vendor\symfony\console\Application.php:356
C:\xampp\htdocs\twins-erp\vendor\symfony\console\Application.php:195
C:\xampp\htdocs\twins-erp\vendor\laravel\framework\src\Illuminate\Console\Application.php:166
C:\xampp\htdocs\twins-erp\vendor\laravel\framework\src\Illuminate\Foundation\Console\Kernel.php:427
C:\xampp\htdocs\twins-erp\vendor\laravel\framework\src\Illuminate\Testing\PendingCommand.php:332
C:\xampp\htdocs\twins-erp\vendor\laravel\framework\src\Illuminate\Testing\PendingCommand.php:556
C:\xampp\htdocs\twins-erp\vendor\laravel\framework\src\Illuminate\Foundation\Testing\Concerns\InteractsWithConsole.php:87
C:\xampp\htdocs\twins-erp\vendor\laravel\framework\src\Illuminate\Foundation\Testing\RefreshDatabase.php:66
C:\xampp\htdocs\twins-erp\vendor\laravel\framework\src\Illuminate\Foundation\Testing\RefreshDatabase.php:25
C:\xampp\htdocs\twins-erp\vendor\laravel\framework\src\Illuminate\Foundation\Testing\Concerns\InteractsWithTestCaseLifecycle.php:209
C:\xampp\htdocs\twins-erp\vendor\laravel\framework\src\Illuminate\Foundation\Testing\Concerns\InteractsWithTestCaseLifecycle.php:97
C:\xampp\htdocs\twins-erp\vendor\laravel\framework\src\Illuminate\Foundation\Testing\TestCase.php:44
C:\xampp\htdocs\twins-erp\tests\TestCase.php:19</error>
        </testcase>
        <testcase name="owner_can_deactivate_and_reactivate_a_normal_user" file="C:\xampp\htdocs\twins-erp\tests\Feature\AdminUserManagementTest.php" line="119" class="Tests\Feature\AdminUserManagementTest" classname="Tests.Feature.AdminUserManagementTest" assertions="0" time="0.000000">
          <error type="Illuminate\Database\QueryException">Tests\Feature\AdminUserManagementTest::owner_can_deactivate_and_reactivate_a_normal_user&#13;
Illuminate\Database\QueryException: SQLSTATE[42S02]: Base table or view not found: 1146 Table 'twins_testing.purchases' doesn't exist (Connection: mysql, SQL: alter table `purchases` add `depot_id` bigint unsigned null after `product_id`)
&#13;
C:\xampp\htdocs\twins-erp\vendor\laravel\framework\src\Illuminate\Database\Connection.php:571
C:\xampp\htdocs\twins-erp\vendor\laravel\framework\src\Illuminate\Database\Connection.php:812
C:\xampp\htdocs\twins-erp\vendor\laravel\framework\src\Illuminate\Database\Connection.php:779
C:\xampp\htdocs\twins-erp\vendor\laravel\framework\src\Illuminate\Database\Connection.php:560
C:\xampp\htdocs\twins-erp\vendor\laravel\framework\src\Illuminate\Database\Schema\Blueprint.php:118
C:\xampp\htdocs\twins-erp\vendor\laravel\framework\src\Illuminate\Database\Schema\Builder.php:564
C:\xampp\htdocs\twins-erp\vendor\laravel\framework\src\Illuminate\Database\Schema\Builder.php:406
C:\xampp\htdocs\twins-erp\vendor\laravel\framework\src\Illuminate\Support\Facades\Facade.php:361
C:\xampp\htdocs\twins-erp\database\migrations\2026_02_06_192441_add_depot_id_to_purchases_table.php:10
C:\xampp\htdocs\twins-erp\vendor\laravel\framework\src\Illuminate\Database\Migrations\Migrator.php:507
C:\xampp\htdocs\twins-erp\vendor\laravel\framework\src\Illuminate\Database\Migrations\Migrator.php:432
C:\xampp\htdocs\twins-erp\vendor\laravel\framework\src\Illuminate\Database\Migrations\Migrator.php:441
C:\xampp\htdocs\twins-erp\vendor\laravel\framework\src\Illuminate\Database\Migrations\Migrator.php:244
C:\xampp\htdocs\twins-erp\vendor\laravel\framework\src\Illuminate\Console\View\Components\Task.php:40
C:\xampp\htdocs\twins-erp\vendor\laravel\framework\src\Illuminate\Database\Migrations\Migrator.php:798
C:\xampp\htdocs\twins-erp\vendor\laravel\framework\src\Illuminate\Database\Migrations\Migrator.php:244
C:\xampp\htdocs\twins-erp\vendor\laravel\framework\src\Illuminate\Database\Migrations\Migrator.php:211
C:\xampp\htdocs\twins-erp\vendor\laravel\framework\src\Illuminate\Database\Migrations\Migrator.php:138
C:\xampp\htdocs\twins-erp\vendor\laravel\framework\src\Illuminate\Database\Console\Migrations\MigrateCommand.php:117
C:\xampp\htdocs\twins-erp\vendor\laravel\framework\src\Illuminate\Database\Migrations\Migrator.php:658
C:\xampp\htdocs\twins-erp\vendor\laravel\framework\src\Illuminate\Database\Console\Migrations\MigrateCommand.php:110
C:\xampp\htdocs\twins-erp\vendor\laravel\framework\src\Illuminate\Database\Console\Migrations\MigrateCommand.php:89
C:\xampp\htdocs\twins-erp\vendor\laravel\framework\src\Illuminate\Container\BoundMethod.php:36
C:\xampp\htdocs\twins-erp\vendor\laravel\framework\src\Illuminate\Container\Util.php:43
C:\xampp\htdocs\twins-erp\vendor\laravel\framework\src\Illuminate\Container\BoundMethod.php:95
C:\xampp\htdocs\twins-erp\vendor\laravel\framework\src\Illuminate\Container\BoundMethod.php:35
C:\xampp\htdocs\twins-erp\vendor\laravel\framework\src\Illuminate\Container\Container.php:696
C:\xampp\htdocs\twins-erp\vendor\laravel\framework\src\Illuminate\Console\Command.php:213
C:\xampp\htdocs\twins-erp\vendor\symfony\console\Command\Command.php:318
C:\xampp\htdocs\twins-erp\vendor\laravel\framework\src\Illuminate\Console\Command.php:182
C:\xampp\htdocs\twins-erp\vendor\laravel\framework\src\Illuminate\Console\Concerns\CallsCommands.php:68
C:\xampp\htdocs\twins-erp\vendor\laravel\framework\src\Illuminate\Console\Concerns\CallsCommands.php:29
C:\xampp\htdocs\twins-erp\vendor\laravel\framework\src\Illuminate\Database\Console\Migrations\FreshCommand.php:82
C:\xampp\htdocs\twins-erp\vendor\laravel\framework\src\Illuminate\Container\BoundMethod.php:36
C:\xampp\htdocs\twins-erp\vendor\laravel\framework\src\Illuminate\Container\Util.php:43
C:\xampp\htdocs\twins-erp\vendor\laravel\framework\src\Illuminate\Container\BoundMethod.php:95
C:\xampp\htdocs\twins-erp\vendor\laravel\framework\src\Illuminate\Container\BoundMethod.php:35
C:\xampp\htdocs\twins-erp\vendor\laravel\framework\src\Illuminate\Container\Container.php:696
C:\xampp\htdocs\twins-erp\vendor\laravel\framework\src\Illuminate\Console\Command.php:213
C:\xampp\htdocs\twins-erp\vendor\symfony\console\Command\Command.php:318
C:\xampp\htdocs\twins-erp\vendor\laravel\framework\src\Illuminate\Console\Command.php:182
C:\xampp\htdocs\twins-erp\vendor\symfony\console\Application.php:1055
C:\xampp\htdocs\twins-erp\vendor\symfony\console\Application.php:356
C:\xampp\htdocs\twins-erp\vendor\symfony\console\Application.php:195
C:\xampp\htdocs\twins-erp\vendor\laravel\framework\src\Illuminate\Console\Application.php:166
C:\xampp\htdocs\twins-erp\vendor\laravel\framework\src\Illuminate\Foundation\Console\Kernel.php:427
C:\xampp\htdocs\twins-erp\vendor\laravel\framework\src\Illuminate\Testing\PendingCommand.php:332
C:\xampp\htdocs\twins-erp\vendor\laravel\framework\src\Illuminate\Testing\PendingCommand.php:556
C:\xampp\htdocs\twins-erp\vendor\laravel\framework\src\Illuminate\Foundation\Testing\Concerns\InteractsWithConsole.php:87
C:\xampp\htdocs\twins-erp\vendor\laravel\framework\src\Illuminate\Foundation\Testing\RefreshDatabase.php:66
C:\xampp\htdocs\twins-erp\vendor\laravel\framework\src\Illuminate\Foundation\Testing\RefreshDatabase.php:25
C:\xampp\htdocs\twins-erp\vendor\laravel\framework\src\Illuminate\Foundation\Testing\Concerns\InteractsWithTestCaseLifecycle.php:209
C:\xampp\htdocs\twins-erp\vendor\laravel\framework\src\Illuminate\Foundation\Testing\Concerns\InteractsWithTestCaseLifecycle.php:97
C:\xampp\htdocs\twins-erp\vendor\laravel\framework\src\Illuminate\Foundation\Testing\TestCase.php:44
C:\xampp\htdocs\twins-erp\tests\TestCase.php:19</error>
        </testcase>
        <testcase name="owner_cannot_be_deactivated_or_deleted" file="C:\xampp\htdocs\twins-erp\tests\Feature\AdminUserManagementTest.php" line="139" class="Tests\Feature\AdminUserManagementTest" classname="Tests.Feature.AdminUserManagementTest" assertions="0" time="0.000000">
          <error type="Illuminate\Database\QueryException">Tests\Feature\AdminUserManagementTest::owner_cannot_be_deactivated_or_deleted&#13;
Illuminate\Database\QueryException: SQLSTATE[42S02]: Base table or view not found: 1146 Table 'twins_testing.purchases' doesn't exist (Connection: mysql, SQL: alter table `purchases` add `depot_id` bigint unsigned null after `product_id`)
&#13;
C:\xampp\htdocs\twins-erp\vendor\laravel\framework\src\Illuminate\Database\Connection.php:571
C:\xampp\htdocs\twins-erp\vendor\laravel\framework\src\Illuminate\Database\Connection.php:812
C:\xampp\htdocs\twins-erp\vendor\laravel\framework\src\Illuminate\Database\Connection.php:779
C:\xampp\htdocs\twins-erp\vendor\laravel\framework\src\Illuminate\Database\Connection.php:560
C:\xampp\htdocs\twins-erp\vendor\laravel\framework\src\Illuminate\Database\Schema\Blueprint.php:118
C:\xampp\htdocs\twins-erp\vendor\laravel\framework\src\Illuminate\Database\Schema\Builder.php:564
C:\xampp\htdocs\twins-erp\vendor\laravel\framework\src\Illuminate\Database\Schema\Builder.php:406
C:\xampp\htdocs\twins-erp\vendor\laravel\framework\src\Illuminate\Support\Facades\Facade.php:361
C:\xampp\htdocs\twins-erp\database\migrations\2026_02_06_192441_add_depot_id_to_purchases_table.php:10
C:\xampp\htdocs\twins-erp\vendor\laravel\framework\src\Illuminate\Database\Migrations\Migrator.php:507
C:\xampp\htdocs\twins-erp\vendor\laravel\framework\src\Illuminate\Database\Migrations\Migrator.php:432
C:\xampp\htdocs\twins-erp\vendor\laravel\framework\src\Illuminate\Database\Migrations\Migrator.php:441
C:\xampp\htdocs\twins-erp\vendor\laravel\framework\src\Illuminate\Database\Migrations\Migrator.php:244
C:\xampp\htdocs\twins-erp\vendor\laravel\framework\src\Illuminate\Console\View\Components\Task.php:40
C:\xampp\htdocs\twins-erp\vendor\laravel\framework\src\Illuminate\Database\Migrations\Migrator.php:798
C:\xampp\htdocs\twins-erp\vendor\laravel\framework\src\Illuminate\Database\Migrations\Migrator.php:244
C:\xampp\htdocs\twins-erp\vendor\laravel\framework\src\Illuminate\Database\Migrations\Migrator.php:211
C:\xampp\htdocs\twins-erp\vendor\laravel\framework\src\Illuminate\Database\Migrations\Migrator.php:138
C:\xampp\htdocs\twins-erp\vendor\laravel\framework\src\Illuminate\Database\Console\Migrations\MigrateCommand.php:117
C:\xampp\htdocs\twins-erp\vendor\laravel\framework\src\Illuminate\Database\Migrations\Migrator.php:658
C:\xampp\htdocs\twins-erp\vendor\laravel\framework\src\Illuminate\Database\Console\Migrations\MigrateCommand.php:110
C:\xampp\htdocs\twins-erp\vendor\laravel\framework\src\Illuminate\Database\Console\Migrations\MigrateCommand.php:89
C:\xampp\htdocs\twins-erp\vendor\laravel\framework\src\Illuminate\Container\BoundMethod.php:36
C:\xampp\htdocs\twins-erp\vendor\laravel\framework\src\Illuminate\Container\Util.php:43
C:\xampp\htdocs\twins-erp\vendor\laravel\framework\src\Illuminate\Container\BoundMethod.php:95
C:\xampp\htdocs\twins-erp\vendor\laravel\framework\src\Illuminate\Container\BoundMethod.php:35
C:\xampp\htdocs\twins-erp\vendor\laravel\framework\src\Illuminate\Container\Container.php:696
C:\xampp\htdocs\twins-erp\vendor\laravel\framework\src\Illuminate\Console\Command.php:213
C:\xampp\htdocs\twins-erp\vendor\symfony\console\Command\Command.php:318
C:\xampp\htdocs\twins-erp\vendor\laravel\framework\src\Illuminate\Console\Command.php:182
C:\xampp\htdocs\twins-erp\vendor\laravel\framework\src\Illuminate\Console\Concerns\CallsCommands.php:68
C:\xampp\htdocs\twins-erp\vendor\laravel\framework\src\Illuminate\Console\Concerns\CallsCommands.php:29
C:\xampp\htdocs\twins-erp\vendor\laravel\framework\src\Illuminate\Database\Console\Migrations\FreshCommand.php:82
C:\xampp\htdocs\twins-erp\vendor\laravel\framework\src\Illuminate\Container\BoundMethod.php:36
C:\xampp\htdocs\twins-erp\vendor\laravel\framework\src\Illuminate\Container\Util.php:43
C:\xampp\htdocs\twins-erp\vendor\laravel\framework\src\Illuminate\Container\BoundMethod.php:95
C:\xampp\htdocs\twins-erp\vendor\laravel\framework\src\Illuminate\Container\BoundMethod.php:35
C:\xampp\htdocs\twins-erp\vendor\laravel\framework\src\Illuminate\Container\Container.php:696
C:\xampp\htdocs\twins-erp\vendor\laravel\framework\src\Illuminate\Console\Command.php:213
C:\xampp\htdocs\twins-erp\vendor\symfony\console\Command\Command.php:318
C:\xampp\htdocs\twins-erp\vendor\laravel\framework\src\Illuminate\Console\Command.php:182
C:\xampp\htdocs\twins-erp\vendor\symfony\console\Application.php:1055
C:\xampp\htdocs\twins-erp\vendor\symfony\console\Application.php:356
C:\xampp\htdocs\twins-erp\vendor\symfony\console\Application.php:195
C:\xampp\htdocs\twins-erp\vendor\laravel\framework\src\Illuminate\Console\Application.php:166
C:\xampp\htdocs\twins-erp\vendor\laravel\framework\src\Illuminate\Foundation\Console\Kernel.php:427
C:\xampp\htdocs\twins-erp\vendor\laravel\framework\src\Illuminate\Testing\PendingCommand.php:332
C:\xampp\htdocs\twins-erp\vendor\laravel\framework\src\Illuminate\Testing\PendingCommand.php:556
C:\xampp\htdocs\twins-erp\vendor\laravel\framework\src\Illuminate\Foundation\Testing\Concerns\InteractsWithConsole.php:87
C:\xampp\htdocs\twins-erp\vendor\laravel\framework\src\Illuminate\Foundation\Testing\RefreshDatabase.php:66
C:\xampp\htdocs\twins-erp\vendor\laravel\framework\src\Illuminate\Foundation\Testing\RefreshDatabase.php:25
C:\xampp\htdocs\twins-erp\vendor\laravel\framework\src\Illuminate\Foundation\Testing\Concerns\InteractsWithTestCaseLifecycle.php:209
C:\xampp\htdocs\twins-erp\vendor\laravel\framework\src\Illuminate\Foundation\Testing\Concerns\InteractsWithTestCaseLifecycle.php:97
C:\xampp\htdocs\twins-erp\vendor\laravel\framework\src\Illuminate\Foundation\Testing\TestCase.php:44
C:\xampp\htdocs\twins-erp\tests\TestCase.php:19</error>
        </testcase>
        <testcase name="owner_can_reset_user_password_and_plain_value_is_in_session" file="C:\xampp\htdocs\twins-erp\tests\Feature\AdminUserManagementTest.php" line="159" class="Tests\Feature\AdminUserManagementTest" classname="Tests.Feature.AdminUserManagementTest" assertions="0" time="0.000000">
          <error type="Illuminate\Database\QueryException">Tests\Feature\AdminUserManagementTest::owner_can_reset_user_password_and_plain_value_is_in_session&#13;
Illuminate\Database\QueryException: SQLSTATE[42S02]: Base table or view not found: 1146 Table 'twins_testing.purchases' doesn't exist (Connection: mysql, SQL: alter table `purchases` add `depot_id` bigint unsigned null after `product_id`)
&#13;
C:\xampp\htdocs\twins-erp\vendor\laravel\framework\src\Illuminate\Database\Connection.php:571
C:\xampp\htdocs\twins-erp\vendor\laravel\framework\src\Illuminate\Database\Connection.php:812
C:\xampp\htdocs\twins-erp\vendor\laravel\framework\src\Illuminate\Database\Connection.php:779
C:\xampp\htdocs\twins-erp\vendor\laravel\framework\src\Illuminate\Database\Connection.php:560
C:\xampp\htdocs\twins-erp\vendor\laravel\framework\src\Illuminate\Database\Schema\Blueprint.php:118
C:\xampp\htdocs\twins-erp\vendor\laravel\framework\src\Illuminate\Database\Schema\Builder.php:564
C:\xampp\htdocs\twins-erp\vendor\laravel\framework\src\Illuminate\Database\Schema\Builder.php:406
C:\xampp\htdocs\twins-erp\vendor\laravel\framework\src\Illuminate\Support\Facades\Facade.php:361
C:\xampp\htdocs\twins-erp\database\migrations\2026_02_06_192441_add_depot_id_to_purchases_table.php:10
C:\xampp\htdocs\twins-erp\vendor\laravel\framework\src\Illuminate\Database\Migrations\Migrator.php:507
C:\xampp\htdocs\twins-erp\vendor\laravel\framework\src\Illuminate\Database\Migrations\Migrator.php:432
C:\xampp\htdocs\twins-erp\vendor\laravel\framework\src\Illuminate\Database\Migrations\Migrator.php:441
C:\xampp\htdocs\twins-erp\vendor\laravel\framework\src\Illuminate\Database\Migrations\Migrator.php:244
C:\xampp\htdocs\twins-erp\vendor\laravel\framework\src\Illuminate\Console\View\Components\Task.php:40
C:\xampp\htdocs\twins-erp\vendor\laravel\framework\src\Illuminate\Database\Migrations\Migrator.php:798
C:\xampp\htdocs\twins-erp\vendor\laravel\framework\src\Illuminate\Database\Migrations\Migrator.php:244
C:\xampp\htdocs\twins-erp\vendor\laravel\framework\src\Illuminate\Database\Migrations\Migrator.php:211
C:\xampp\htdocs\twins-erp\vendor\laravel\framework\src\Illuminate\Database\Migrations\Migrator.php:138
C:\xampp\htdocs\twins-erp\vendor\laravel\framework\src\Illuminate\Database\Console\Migrations\MigrateCommand.php:117
C:\xampp\htdocs\twins-erp\vendor\laravel\framework\src\Illuminate\Database\Migrations\Migrator.php:658
C:\xampp\htdocs\twins-erp\vendor\laravel\framework\src\Illuminate\Database\Console\Migrations\MigrateCommand.php:110
C:\xampp\htdocs\twins-erp\vendor\laravel\framework\src\Illuminate\Database\Console\Migrations\MigrateCommand.php:89
C:\xampp\htdocs\twins-erp\vendor\laravel\framework\src\Illuminate\Container\BoundMethod.php:36
C:\xampp\htdocs\twins-erp\vendor\laravel\framework\src\Illuminate\Container\Util.php:43
C:\xampp\htdocs\twins-erp\vendor\laravel\framework\src\Illuminate\Container\BoundMethod.php:95
C:\xampp\htdocs\twins-erp\vendor\laravel\framework\src\Illuminate\Container\BoundMethod.php:35
C:\xampp\htdocs\twins-erp\vendor\laravel\framework\src\Illuminate\Container\Container.php:696
C:\xampp\htdocs\twins-erp\vendor\laravel\framework\src\Illuminate\Console\Command.php:213
C:\xampp\htdocs\twins-erp\vendor\symfony\console\Command\Command.php:318
C:\xampp\htdocs\twins-erp\vendor\laravel\framework\src\Illuminate\Console\Command.php:182
C:\xampp\htdocs\twins-erp\vendor\laravel\framework\src\Illuminate\Console\Concerns\CallsCommands.php:68
C:\xampp\htdocs\twins-erp\vendor\laravel\framework\src\Illuminate\Console\Concerns\CallsCommands.php:29
C:\xampp\htdocs\twins-erp\vendor\laravel\framework\src\Illuminate\Database\Console\Migrations\FreshCommand.php:82
C:\xampp\htdocs\twins-erp\vendor\laravel\framework\src\Illuminate\Container\BoundMethod.php:36
C:\xampp\htdocs\twins-erp\vendor\laravel\framework\src\Illuminate\Container\Util.php:43
C:\xampp\htdocs\twins-erp\vendor\laravel\framework\src\Illuminate\Container\BoundMethod.php:95
C:\xampp\htdocs\twins-erp\vendor\laravel\framework\src\Illuminate\Container\BoundMethod.php:35
C:\xampp\htdocs\twins-erp\vendor\laravel\framework\src\Illuminate\Container\Container.php:696
C:\xampp\htdocs\twins-erp\vendor\laravel\framework\src\Illuminate\Console\Command.php:213
C:\xampp\htdocs\twins-erp\vendor\symfony\console\Command\Command.php:318
C:\xampp\htdocs\twins-erp\vendor\laravel\framework\src\Illuminate\Console\Command.php:182
C:\xampp\htdocs\twins-erp\vendor\symfony\console\Application.php:1055
C:\xampp\htdocs\twins-erp\vendor\symfony\console\Application.php:356
C:\xampp\htdocs\twins-erp\vendor\symfony\console\Application.php:195
C:\xampp\htdocs\twins-erp\vendor\laravel\framework\src\Illuminate\Console\Application.php:166
C:\xampp\htdocs\twins-erp\vendor\laravel\framework\src\Illuminate\Foundation\Console\Kernel.php:427
C:\xampp\htdocs\twins-erp\vendor\laravel\framework\src\Illuminate\Testing\PendingCommand.php:332
C:\xampp\htdocs\twins-erp\vendor\laravel\framework\src\Illuminate\Testing\PendingCommand.php:556
C:\xampp\htdocs\twins-erp\vendor\laravel\framework\src\Illuminate\Foundation\Testing\Concerns\InteractsWithConsole.php:87
C:\xampp\htdocs\twins-erp\vendor\laravel\framework\src\Illuminate\Foundation\Testing\RefreshDatabase.php:66
C:\xampp\htdocs\twins-erp\vendor\laravel\framework\src\Illuminate\Foundation\Testing\RefreshDatabase.php:25
C:\xampp\htdocs\twins-erp\vendor\laravel\framework\src\Illuminate\Foundation\Testing\Concerns\InteractsWithTestCaseLifecycle.php:209
C:\xampp\htdocs\twins-erp\vendor\laravel\framework\src\Illuminate\Foundation\Testing\Concerns\InteractsWithTestCaseLifecycle.php:97
C:\xampp\htdocs\twins-erp\vendor\laravel\framework\src\Illuminate\Foundation\Testing\TestCase.php:44
C:\xampp\htdocs\twins-erp\tests\TestCase.php:19</error>
        </testcase>
      </testsuite>
      <testsuite name="Tests\Feature\AuthAndOnboardingTest" file="C:\xampp\htdocs\twins-erp\tests\Feature\AuthAndOnboardingTest.php" tests="5" assertions="0" errors="5" failures="0" skipped="0" time="0.000000">
        <testcase name="guest_is_redirected_to_login_when_visiting_dashboard" file="C:\xampp\htdocs\twins-erp\tests\Feature\AuthAndOnboardingTest.php" line="26" class="Tests\Feature\AuthAndOnboardingTest" classname="Tests.Feature.AuthAndOnboardingTest" assertions="0" time="0.000000">
          <error type="Illuminate\Database\QueryException">Tests\Feature\AuthAndOnboardingTest::guest_is_redirected_to_login_when_visiting_dashboard&#13;
Illuminate\Database\QueryException: SQLSTATE[42S02]: Base table or view not found: 1146 Table 'twins_testing.purchases' doesn't exist (Connection: mysql, SQL: alter table `purchases` add `depot_id` bigint unsigned null after `product_id`)
&#13;
C:\xampp\htdocs\twins-erp\vendor\laravel\framework\src\Illuminate\Database\Connection.php:571
C:\xampp\htdocs\twins-erp\vendor\laravel\framework\src\Illuminate\Database\Connection.php:812
C:\xampp\htdocs\twins-erp\vendor\laravel\framework\src\Illuminate\Database\Connection.php:779
C:\xampp\htdocs\twins-erp\vendor\laravel\framework\src\Illuminate\Database\Connection.php:560
C:\xampp\htdocs\twins-erp\vendor\laravel\framework\src\Illuminate\Database\Schema\Blueprint.php:118
C:\xampp\htdocs\twins-erp\vendor\laravel\framework\src\Illuminate\Database\Schema\Builder.php:564
C:\xampp\htdocs\twins-erp\vendor\laravel\framework\src\Illuminate\Database\Schema\Builder.php:406
C:\xampp\htdocs\twins-erp\vendor\laravel\framework\src\Illuminate\Support\Facades\Facade.php:361
C:\xampp\htdocs\twins-erp\database\migrations\2026_02_06_192441_add_depot_id_to_purchases_table.php:10
C:\xampp\htdocs\twins-erp\vendor\laravel\framework\src\Illuminate\Database\Migrations\Migrator.php:507
C:\xampp\htdocs\twins-erp\vendor\laravel\framework\src\Illuminate\Database\Migrations\Migrator.php:432
C:\xampp\htdocs\twins-erp\vendor\laravel\framework\src\Illuminate\Database\Migrations\Migrator.php:441
C:\xampp\htdocs\twins-erp\vendor\laravel\framework\src\Illuminate\Database\Migrations\Migrator.php:244
C:\xampp\htdocs\twins-erp\vendor\laravel\framework\src\Illuminate\Console\View\Components\Task.php:40
C:\xampp\htdocs\twins-erp\vendor\laravel\framework\src\Illuminate\Database\Migrations\Migrator.php:798
C:\xampp\htdocs\twins-erp\vendor\laravel\framework\src\Illuminate\Database\Migrations\Migrator.php:244
C:\xampp\htdocs\twins-erp\vendor\laravel\framework\src\Illuminate\Database\Migrations\Migrator.php:211
C:\xampp\htdocs\twins-erp\vendor\laravel\framework\src\Illuminate\Database\Migrations\Migrator.php:138
C:\xampp\htdocs\twins-erp\vendor\laravel\framework\src\Illuminate\Database\Console\Migrations\MigrateCommand.php:117
C:\xampp\htdocs\twins-erp\vendor\laravel\framework\src\Illuminate\Database\Migrations\Migrator.php:658
C:\xampp\htdocs\twins-erp\vendor\laravel\framework\src\Illuminate\Database\Console\Migrations\MigrateCommand.php:110
C:\xampp\htdocs\twins-erp\vendor\laravel\framework\src\Illuminate\Database\Console\Migrations\MigrateCommand.php:89
C:\xampp\htdocs\twins-erp\vendor\laravel\framework\src\Illuminate\Container\BoundMethod.php:36
C:\xampp\htdocs\twins-erp\vendor\laravel\framework\src\Illuminate\Container\Util.php:43
C:\xampp\htdocs\twins-erp\vendor\laravel\framework\src\Illuminate\Container\BoundMethod.php:95
C:\xampp\htdocs\twins-erp\vendor\laravel\framework\src\Illuminate\Container\BoundMethod.php:35
C:\xampp\htdocs\twins-erp\vendor\laravel\framework\src\Illuminate\Container\Container.php:696
C:\xampp\htdocs\twins-erp\vendor\laravel\framework\src\Illuminate\Console\Command.php:213
C:\xampp\htdocs\twins-erp\vendor\symfony\console\Command\Command.php:318
C:\xampp\htdocs\twins-erp\vendor\laravel\framework\src\Illuminate\Console\Command.php:182
C:\xampp\htdocs\twins-erp\vendor\laravel\framework\src\Illuminate\Console\Concerns\CallsCommands.php:68
C:\xampp\htdocs\twins-erp\vendor\laravel\framework\src\Illuminate\Console\Concerns\CallsCommands.php:29
C:\xampp\htdocs\twins-erp\vendor\laravel\framework\src\Illuminate\Database\Console\Migrations\FreshCommand.php:82
C:\xampp\htdocs\twins-erp\vendor\laravel\framework\src\Illuminate\Container\BoundMethod.php:36
C:\xampp\htdocs\twins-erp\vendor\laravel\framework\src\Illuminate\Container\Util.php:43
C:\xampp\htdocs\twins-erp\vendor\laravel\framework\src\Illuminate\Container\BoundMethod.php:95
C:\xampp\htdocs\twins-erp\vendor\laravel\framework\src\Illuminate\Container\BoundMethod.php:35
C:\xampp\htdocs\twins-erp\vendor\laravel\framework\src\Illuminate\Container\Container.php:696
C:\xampp\htdocs\twins-erp\vendor\laravel\framework\src\Illuminate\Console\Command.php:213
C:\xampp\htdocs\twins-erp\vendor\symfony\console\Command\Command.php:318
C:\xampp\htdocs\twins-erp\vendor\laravel\framework\src\Illuminate\Console\Command.php:182
C:\xampp\htdocs\twins-erp\vendor\symfony\console\Application.php:1055
C:\xampp\htdocs\twins-erp\vendor\symfony\console\Application.php:356
C:\xampp\htdocs\twins-erp\vendor\symfony\console\Application.php:195
C:\xampp\htdocs\twins-erp\vendor\laravel\framework\src\Illuminate\Console\Application.php:166
C:\xampp\htdocs\twins-erp\vendor\laravel\framework\src\Illuminate\Foundation\Console\Kernel.php:427
C:\xampp\htdocs\twins-erp\vendor\laravel\framework\src\Illuminate\Testing\PendingCommand.php:332
C:\xampp\htdocs\twins-erp\vendor\laravel\framework\src\Illuminate\Testing\PendingCommand.php:556
C:\xampp\htdocs\twins-erp\vendor\laravel\framework\src\Illuminate\Foundation\Testing\Concerns\InteractsWithConsole.php:87
C:\xampp\htdocs\twins-erp\vendor\laravel\framework\src\Illuminate\Foundation\Testing\RefreshDatabase.php:66
C:\xampp\htdocs\twins-erp\vendor\laravel\framework\src\Illuminate\Foundation\Testing\RefreshDatabase.php:25
C:\xampp\htdocs\twins-erp\vendor\laravel\framework\src\Illuminate\Foundation\Testing\Concerns\InteractsWithTestCaseLifecycle.php:209
C:\xampp\htdocs\twins-erp\vendor\laravel\framework\src\Illuminate\Foundation\Testing\Concerns\InteractsWithTestCaseLifecycle.php:97
C:\xampp\htdocs\twins-erp\vendor\laravel\framework\src\Illuminate\Foundation\Testing\TestCase.php:44
C:\xampp\htdocs\twins-erp\tests\TestCase.php:19
C:\xampp\htdocs\twins-erp\tests\Feature\AuthAndOnboardingTest.php:19</error>
        </testcase>
        <testcase name="login_page_is_accessible_for_guests" file="C:\xampp\htdocs\twins-erp\tests\Feature\AuthAndOnboardingTest.php" line="35" class="Tests\Feature\AuthAndOnboardingTest" classname="Tests.Feature.AuthAndOnboardingTest" assertions="0" time="0.000000">
          <error type="Illuminate\Database\QueryException">Tests\Feature\AuthAndOnboardingTest::login_page_is_accessible_for_guests&#13;
Illuminate\Database\QueryException: SQLSTATE[42S02]: Base table or view not found: 1146 Table 'twins_testing.purchases' doesn't exist (Connection: mysql, SQL: alter table `purchases` add `depot_id` bigint unsigned null after `product_id`)
&#13;
C:\xampp\htdocs\twins-erp\vendor\laravel\framework\src\Illuminate\Database\Connection.php:571
C:\xampp\htdocs\twins-erp\vendor\laravel\framework\src\Illuminate\Database\Connection.php:812
C:\xampp\htdocs\twins-erp\vendor\laravel\framework\src\Illuminate\Database\Connection.php:779
C:\xampp\htdocs\twins-erp\vendor\laravel\framework\src\Illuminate\Database\Connection.php:560
C:\xampp\htdocs\twins-erp\vendor\laravel\framework\src\Illuminate\Database\Schema\Blueprint.php:118
C:\xampp\htdocs\twins-erp\vendor\laravel\framework\src\Illuminate\Database\Schema\Builder.php:564
C:\xampp\htdocs\twins-erp\vendor\laravel\framework\src\Illuminate\Database\Schema\Builder.php:406
C:\xampp\htdocs\twins-erp\vendor\laravel\framework\src\Illuminate\Support\Facades\Facade.php:361
C:\xampp\htdocs\twins-erp\database\migrations\2026_02_06_192441_add_depot_id_to_purchases_table.php:10
C:\xampp\htdocs\twins-erp\vendor\laravel\framework\src\Illuminate\Database\Migrations\Migrator.php:507
C:\xampp\htdocs\twins-erp\vendor\laravel\framework\src\Illuminate\Database\Migrations\Migrator.php:432
C:\xampp\htdocs\twins-erp\vendor\laravel\framework\src\Illuminate\Database\Migrations\Migrator.php:441
C:\xampp\htdocs\twins-erp\vendor\laravel\framework\src\Illuminate\Database\Migrations\Migrator.php:244
C:\xampp\htdocs\twins-erp\vendor\laravel\framework\src\Illuminate\Console\View\Components\Task.php:40
C:\xampp\htdocs\twins-erp\vendor\laravel\framework\src\Illuminate\Database\Migrations\Migrator.php:798
C:\xampp\htdocs\twins-erp\vendor\laravel\framework\src\Illuminate\Database\Migrations\Migrator.php:244
C:\xampp\htdocs\twins-erp\vendor\laravel\framework\src\Illuminate\Database\Migrations\Migrator.php:211
C:\xampp\htdocs\twins-erp\vendor\laravel\framework\src\Illuminate\Database\Migrations\Migrator.php:138
C:\xampp\htdocs\twins-erp\vendor\laravel\framework\src\Illuminate\Database\Console\Migrations\MigrateCommand.php:117
C:\xampp\htdocs\twins-erp\vendor\laravel\framework\src\Illuminate\Database\Migrations\Migrator.php:658
C:\xampp\htdocs\twins-erp\vendor\laravel\framework\src\Illuminate\Database\Console\Migrations\MigrateCommand.php:110
C:\xampp\htdocs\twins-erp\vendor\laravel\framework\src\Illuminate\Database\Console\Migrations\MigrateCommand.php:89
C:\xampp\htdocs\twins-erp\vendor\laravel\framework\src\Illuminate\Container\BoundMethod.php:36
C:\xampp\htdocs\twins-erp\vendor\laravel\framework\src\Illuminate\Container\Util.php:43
C:\xampp\htdocs\twins-erp\vendor\laravel\framework\src\Illuminate\Container\BoundMethod.php:95
C:\xampp\htdocs\twins-erp\vendor\laravel\framework\src\Illuminate\Container\BoundMethod.php:35
C:\xampp\htdocs\twins-erp\vendor\laravel\framework\src\Illuminate\Container\Container.php:696
C:\xampp\htdocs\twins-erp\vendor\laravel\framework\src\Illuminate\Console\Command.php:213
C:\xampp\htdocs\twins-erp\vendor\symfony\console\Command\Command.php:318
C:\xampp\htdocs\twins-erp\vendor\laravel\framework\src\Illuminate\Console\Command.php:182
C:\xampp\htdocs\twins-erp\vendor\laravel\framework\src\Illuminate\Console\Concerns\CallsCommands.php:68
C:\xampp\htdocs\twins-erp\vendor\laravel\framework\src\Illuminate\Console\Concerns\CallsCommands.php:29
C:\xampp\htdocs\twins-erp\vendor\laravel\framework\src\Illuminate\Database\Console\Migrations\FreshCommand.php:82
C:\xampp\htdocs\twins-erp\vendor\laravel\framework\src\Illuminate\Container\BoundMethod.php:36
C:\xampp\htdocs\twins-erp\vendor\laravel\framework\src\Illuminate\Container\Util.php:43
C:\xampp\htdocs\twins-erp\vendor\laravel\framework\src\Illuminate\Container\BoundMethod.php:95
C:\xampp\htdocs\twins-erp\vendor\laravel\framework\src\Illuminate\Container\BoundMethod.php:35
C:\xampp\htdocs\twins-erp\vendor\laravel\framework\src\Illuminate\Container\Container.php:696
C:\xampp\htdocs\twins-erp\vendor\laravel\framework\src\Illuminate\Console\Command.php:213
C:\xampp\htdocs\twins-erp\vendor\symfony\console\Command\Command.php:318
C:\xampp\htdocs\twins-erp\vendor\laravel\framework\src\Illuminate\Console\Command.php:182
C:\xampp\htdocs\twins-erp\vendor\symfony\console\Application.php:1055
C:\xampp\htdocs\twins-erp\vendor\symfony\console\Application.php:356
C:\xampp\htdocs\twins-erp\vendor\symfony\console\Application.php:195
C:\xampp\htdocs\twins-erp\vendor\laravel\framework\src\Illuminate\Console\Application.php:166
C:\xampp\htdocs\twins-erp\vendor\laravel\framework\src\Illuminate\Foundation\Console\Kernel.php:427
C:\xampp\htdocs\twins-erp\vendor\laravel\framework\src\Illuminate\Testing\PendingCommand.php:332
C:\xampp\htdocs\twins-erp\vendor\laravel\framework\src\Illuminate\Testing\PendingCommand.php:556
C:\xampp\htdocs\twins-erp\vendor\laravel\framework\src\Illuminate\Foundation\Testing\Concerns\InteractsWithConsole.php:87
C:\xampp\htdocs\twins-erp\vendor\laravel\framework\src\Illuminate\Foundation\Testing\RefreshDatabase.php:66
C:\xampp\htdocs\twins-erp\vendor\laravel\framework\src\Illuminate\Foundation\Testing\RefreshDatabase.php:25
C:\xampp\htdocs\twins-erp\vendor\laravel\framework\src\Illuminate\Foundation\Testing\Concerns\InteractsWithTestCaseLifecycle.php:209
C:\xampp\htdocs\twins-erp\vendor\laravel\framework\src\Illuminate\Foundation\Testing\Concerns\InteractsWithTestCaseLifecycle.php:97
C:\xampp\htdocs\twins-erp\vendor\laravel\framework\src\Illuminate\Foundation\Testing\TestCase.php:44
C:\xampp\htdocs\twins-erp\tests\TestCase.php:19
C:\xampp\htdocs\twins-erp\tests\Feature\AuthAndOnboardingTest.php:19</error>
        </testcase>
        <testcase name="user_with_valid_credentials_can_log_in" file="C:\xampp\htdocs\twins-erp\tests\Feature\AuthAndOnboardingTest.php" line="44" class="Tests\Feature\AuthAndOnboardingTest" classname="Tests.Feature.AuthAndOnboardingTest" assertions="0" time="0.000000">
          <error type="Illuminate\Database\QueryException">Tests\Feature\AuthAndOnboardingTest::user_with_valid_credentials_can_log_in&#13;
Illuminate\Database\QueryException: SQLSTATE[42S02]: Base table or view not found: 1146 Table 'twins_testing.purchases' doesn't exist (Connection: mysql, SQL: alter table `purchases` add `depot_id` bigint unsigned null after `product_id`)
&#13;
C:\xampp\htdocs\twins-erp\vendor\laravel\framework\src\Illuminate\Database\Connection.php:571
C:\xampp\htdocs\twins-erp\vendor\laravel\framework\src\Illuminate\Database\Connection.php:812
C:\xampp\htdocs\twins-erp\vendor\laravel\framework\src\Illuminate\Database\Connection.php:779
C:\xampp\htdocs\twins-erp\vendor\laravel\framework\src\Illuminate\Database\Connection.php:560
C:\xampp\htdocs\twins-erp\vendor\laravel\framework\src\Illuminate\Database\Schema\Blueprint.php:118
C:\xampp\htdocs\twins-erp\vendor\laravel\framework\src\Illuminate\Database\Schema\Builder.php:564
C:\xampp\htdocs\twins-erp\vendor\laravel\framework\src\Illuminate\Database\Schema\Builder.php:406
C:\xampp\htdocs\twins-erp\vendor\laravel\framework\src\Illuminate\Support\Facades\Facade.php:361
C:\xampp\htdocs\twins-erp\database\migrations\2026_02_06_192441_add_depot_id_to_purchases_table.php:10
C:\xampp\htdocs\twins-erp\vendor\laravel\framework\src\Illuminate\Database\Migrations\Migrator.php:507
C:\xampp\htdocs\twins-erp\vendor\laravel\framework\src\Illuminate\Database\Migrations\Migrator.php:432
C:\xampp\htdocs\twins-erp\vendor\laravel\framework\src\Illuminate\Database\Migrations\Migrator.php:441
C:\xampp\htdocs\twins-erp\vendor\laravel\framework\src\Illuminate\Database\Migrations\Migrator.php:244
C:\xampp\htdocs\twins-erp\vendor\laravel\framework\src\Illuminate\Console\View\Components\Task.php:40
C:\xampp\htdocs\twins-erp\vendor\laravel\framework\src\Illuminate\Database\Migrations\Migrator.php:798
C:\xampp\htdocs\twins-erp\vendor\laravel\framework\src\Illuminate\Database\Migrations\Migrator.php:244
C:\xampp\htdocs\twins-erp\vendor\laravel\framework\src\Illuminate\Database\Migrations\Migrator.php:211
C:\xampp\htdocs\twins-erp\vendor\laravel\framework\src\Illuminate\Database\Migrations\Migrator.php:138
C:\xampp\htdocs\twins-erp\vendor\laravel\framework\src\Illuminate\Database\Console\Migrations\MigrateCommand.php:117
C:\xampp\htdocs\twins-erp\vendor\laravel\framework\src\Illuminate\Database\Migrations\Migrator.php:658
C:\xampp\htdocs\twins-erp\vendor\laravel\framework\src\Illuminate\Database\Console\Migrations\MigrateCommand.php:110
C:\xampp\htdocs\twins-erp\vendor\laravel\framework\src\Illuminate\Database\Console\Migrations\MigrateCommand.php:89
C:\xampp\htdocs\twins-erp\vendor\laravel\framework\src\Illuminate\Container\BoundMethod.php:36
C:\xampp\htdocs\twins-erp\vendor\laravel\framework\src\Illuminate\Container\Util.php:43
C:\xampp\htdocs\twins-erp\vendor\laravel\framework\src\Illuminate\Container\BoundMethod.php:95
C:\xampp\htdocs\twins-erp\vendor\laravel\framework\src\Illuminate\Container\BoundMethod.php:35
C:\xampp\htdocs\twins-erp\vendor\laravel\framework\src\Illuminate\Container\Container.php:696
C:\xampp\htdocs\twins-erp\vendor\laravel\framework\src\Illuminate\Console\Command.php:213
C:\xampp\htdocs\twins-erp\vendor\symfony\console\Command\Command.php:318
C:\xampp\htdocs\twins-erp\vendor\laravel\framework\src\Illuminate\Console\Command.php:182
C:\xampp\htdocs\twins-erp\vendor\laravel\framework\src\Illuminate\Console\Concerns\CallsCommands.php:68
C:\xampp\htdocs\twins-erp\vendor\laravel\framework\src\Illuminate\Console\Concerns\CallsCommands.php:29
C:\xampp\htdocs\twins-erp\vendor\laravel\framework\src\Illuminate\Database\Console\Migrations\FreshCommand.php:82
C:\xampp\htdocs\twins-erp\vendor\laravel\framework\src\Illuminate\Container\BoundMethod.php:36
C:\xampp\htdocs\twins-erp\vendor\laravel\framework\src\Illuminate\Container\Util.php:43
C:\xampp\htdocs\twins-erp\vendor\laravel\framework\src\Illuminate\Container\BoundMethod.php:95
C:\xampp\htdocs\twins-erp\vendor\laravel\framework\src\Illuminate\Container\BoundMethod.php:35
C:\xampp\htdocs\twins-erp\vendor\laravel\framework\src\Illuminate\Container\Container.php:696
C:\xampp\htdocs\twins-erp\vendor\laravel\framework\src\Illuminate\Console\Command.php:213
C:\xampp\htdocs\twins-erp\vendor\symfony\console\Command\Command.php:318
C:\xampp\htdocs\twins-erp\vendor\laravel\framework\src\Illuminate\Console\Command.php:182
C:\xampp\htdocs\twins-erp\vendor\symfony\console\Application.php:1055
C:\xampp\htdocs\twins-erp\vendor\symfony\console\Application.php:356
C:\xampp\htdocs\twins-erp\vendor\symfony\console\Application.php:195
C:\xampp\htdocs\twins-erp\vendor\laravel\framework\src\Illuminate\Console\Application.php:166
C:\xampp\htdocs\twins-erp\vendor\laravel\framework\src\Illuminate\Foundation\Console\Kernel.php:427
C:\xampp\htdocs\twins-erp\vendor\laravel\framework\src\Illuminate\Testing\PendingCommand.php:332
C:\xampp\htdocs\twins-erp\vendor\laravel\framework\src\Illuminate\Testing\PendingCommand.php:556
C:\xampp\htdocs\twins-erp\vendor\laravel\framework\src\Illuminate\Foundation\Testing\Concerns\InteractsWithConsole.php:87
C:\xampp\htdocs\twins-erp\vendor\laravel\framework\src\Illuminate\Foundation\Testing\RefreshDatabase.php:66
C:\xampp\htdocs\twins-erp\vendor\laravel\framework\src\Illuminate\Foundation\Testing\RefreshDatabase.php:25
C:\xampp\htdocs\twins-erp\vendor\laravel\framework\src\Illuminate\Foundation\Testing\Concerns\InteractsWithTestCaseLifecycle.php:209
C:\xampp\htdocs\twins-erp\vendor\laravel\framework\src\Illuminate\Foundation\Testing\Concerns\InteractsWithTestCaseLifecycle.php:97
C:\xampp\htdocs\twins-erp\vendor\laravel\framework\src\Illuminate\Foundation\Testing\TestCase.php:44
C:\xampp\htdocs\twins-erp\tests\TestCase.php:19
C:\xampp\htdocs\twins-erp\tests\Feature\AuthAndOnboardingTest.php:19</error>
        </testcase>
        <testcase name="login_with_invalid_credentials_fails" file="C:\xampp\htdocs\twins-erp\tests\Feature\AuthAndOnboardingTest.php" line="70" class="Tests\Feature\AuthAndOnboardingTest" classname="Tests.Feature.AuthAndOnboardingTest" assertions="0" time="0.000000">
          <error type="Illuminate\Database\QueryException">Tests\Feature\AuthAndOnboardingTest::login_with_invalid_credentials_fails&#13;
Illuminate\Database\QueryException: SQLSTATE[42S02]: Base table or view not found: 1146 Table 'twins_testing.purchases' doesn't exist (Connection: mysql, SQL: alter table `purchases` add `depot_id` bigint unsigned null after `product_id`)
&#13;
C:\xampp\htdocs\twins-erp\vendor\laravel\framework\src\Illuminate\Database\Connection.php:571
C:\xampp\htdocs\twins-erp\vendor\laravel\framework\src\Illuminate\Database\Connection.php:812
C:\xampp\htdocs\twins-erp\vendor\laravel\framework\src\Illuminate\Database\Connection.php:779
C:\xampp\htdocs\twins-erp\vendor\laravel\framework\src\Illuminate\Database\Connection.php:560
C:\xampp\htdocs\twins-erp\vendor\laravel\framework\src\Illuminate\Database\Schema\Blueprint.php:118
C:\xampp\htdocs\twins-erp\vendor\laravel\framework\src\Illuminate\Database\Schema\Builder.php:564
C:\xampp\htdocs\twins-erp\vendor\laravel\framework\src\Illuminate\Database\Schema\Builder.php:406
C:\xampp\htdocs\twins-erp\vendor\laravel\framework\src\Illuminate\Support\Facades\Facade.php:361
C:\xampp\htdocs\twins-erp\database\migrations\2026_02_06_192441_add_depot_id_to_purchases_table.php:10
C:\xampp\htdocs\twins-erp\vendor\laravel\framework\src\Illuminate\Database\Migrations\Migrator.php:507
C:\xampp\htdocs\twins-erp\vendor\laravel\framework\src\Illuminate\Database\Migrations\Migrator.php:432
C:\xampp\htdocs\twins-erp\vendor\laravel\framework\src\Illuminate\Database\Migrations\Migrator.php:441
C:\xampp\htdocs\twins-erp\vendor\laravel\framework\src\Illuminate\Database\Migrations\Migrator.php:244
C:\xampp\htdocs\twins-erp\vendor\laravel\framework\src\Illuminate\Console\View\Components\Task.php:40
C:\xampp\htdocs\twins-erp\vendor\laravel\framework\src\Illuminate\Database\Migrations\Migrator.php:798
C:\xampp\htdocs\twins-erp\vendor\laravel\framework\src\Illuminate\Database\Migrations\Migrator.php:244
C:\xampp\htdocs\twins-erp\vendor\laravel\framework\src\Illuminate\Database\Migrations\Migrator.php:211
C:\xampp\htdocs\twins-erp\vendor\laravel\framework\src\Illuminate\Database\Migrations\Migrator.php:138
C:\xampp\htdocs\twins-erp\vendor\laravel\framework\src\Illuminate\Database\Console\Migrations\MigrateCommand.php:117
C:\xampp\htdocs\twins-erp\vendor\laravel\framework\src\Illuminate\Database\Migrations\Migrator.php:658
C:\xampp\htdocs\twins-erp\vendor\laravel\framework\src\Illuminate\Database\Console\Migrations\MigrateCommand.php:110
C:\xampp\htdocs\twins-erp\vendor\laravel\framework\src\Illuminate\Database\Console\Migrations\MigrateCommand.php:89
C:\xampp\htdocs\twins-erp\vendor\laravel\framework\src\Illuminate\Container\BoundMethod.php:36
C:\xampp\htdocs\twins-erp\vendor\laravel\framework\src\Illuminate\Container\Util.php:43
C:\xampp\htdocs\twins-erp\vendor\laravel\framework\src\Illuminate\Container\BoundMethod.php:95
C:\xampp\htdocs\twins-erp\vendor\laravel\framework\src\Illuminate\Container\BoundMethod.php:35
C:\xampp\htdocs\twins-erp\vendor\laravel\framework\src\Illuminate\Container\Container.php:696
C:\xampp\htdocs\twins-erp\vendor\laravel\framework\src\Illuminate\Console\Command.php:213
C:\xampp\htdocs\twins-erp\vendor\symfony\console\Command\Command.php:318
C:\xampp\htdocs\twins-erp\vendor\laravel\framework\src\Illuminate\Console\Command.php:182
C:\xampp\htdocs\twins-erp\vendor\laravel\framework\src\Illuminate\Console\Concerns\CallsCommands.php:68
C:\xampp\htdocs\twins-erp\vendor\laravel\framework\src\Illuminate\Console\Concerns\CallsCommands.php:29
C:\xampp\htdocs\twins-erp\vendor\laravel\framework\src\Illuminate\Database\Console\Migrations\FreshCommand.php:82
C:\xampp\htdocs\twins-erp\vendor\laravel\framework\src\Illuminate\Container\BoundMethod.php:36
C:\xampp\htdocs\twins-erp\vendor\laravel\framework\src\Illuminate\Container\Util.php:43
C:\xampp\htdocs\twins-erp\vendor\laravel\framework\src\Illuminate\Container\BoundMethod.php:95
C:\xampp\htdocs\twins-erp\vendor\laravel\framework\src\Illuminate\Container\BoundMethod.php:35
C:\xampp\htdocs\twins-erp\vendor\laravel\framework\src\Illuminate\Container\Container.php:696
C:\xampp\htdocs\twins-erp\vendor\laravel\framework\src\Illuminate\Console\Command.php:213
C:\xampp\htdocs\twins-erp\vendor\symfony\console\Command\Command.php:318
C:\xampp\htdocs\twins-erp\vendor\laravel\framework\src\Illuminate\Console\Command.php:182
C:\xampp\htdocs\twins-erp\vendor\symfony\console\Application.php:1055
C:\xampp\htdocs\twins-erp\vendor\symfony\console\Application.php:356
C:\xampp\htdocs\twins-erp\vendor\symfony\console\Application.php:195
C:\xampp\htdocs\twins-erp\vendor\laravel\framework\src\Illuminate\Console\Application.php:166
C:\xampp\htdocs\twins-erp\vendor\laravel\framework\src\Illuminate\Foundation\Console\Kernel.php:427
C:\xampp\htdocs\twins-erp\vendor\laravel\framework\src\Illuminate\Testing\PendingCommand.php:332
C:\xampp\htdocs\twins-erp\vendor\laravel\framework\src\Illuminate\Testing\PendingCommand.php:556
C:\xampp\htdocs\twins-erp\vendor\laravel\framework\src\Illuminate\Foundation\Testing\Concerns\InteractsWithConsole.php:87
C:\xampp\htdocs\twins-erp\vendor\laravel\framework\src\Illuminate\Foundation\Testing\RefreshDatabase.php:66
C:\xampp\htdocs\twins-erp\vendor\laravel\framework\src\Illuminate\Foundation\Testing\RefreshDatabase.php:25
C:\xampp\htdocs\twins-erp\vendor\laravel\framework\src\Illuminate\Foundation\Testing\Concerns\InteractsWithTestCaseLifecycle.php:209
C:\xampp\htdocs\twins-erp\vendor\laravel\framework\src\Illuminate\Foundation\Testing\Concerns\InteractsWithTestCaseLifecycle.php:97
[...]
C:\xampp\htdocs\twins-erp\vendor\laravel\framework\src\Illuminate\Console\Command.php:213
C:\xampp\htdocs\twins-erp\vendor\symfony\console\Command\Command.php:318
C:\xampp\htdocs\twins-erp\vendor\laravel\framework\src\Illuminate\Console\Command.php:182
C:\xampp\htdocs\twins-erp\vendor\symfony\console\Application.php:1055
C:\xampp\htdocs\twins-erp\vendor\symfony\console\Application.php:356
C:\xampp\htdocs\twins-erp\vendor\symfony\console\Application.php:195
C:\xampp\htdocs\twins-erp\vendor\laravel\framework\src\Illuminate\Console\Application.php:166
C:\xampp\htdocs\twins-erp\vendor\laravel\framework\src\Illuminate\Foundation\Console\Kernel.php:427
C:\xampp\htdocs\twins-erp\vendor\laravel\framework\src\Illuminate\Testing\PendingCommand.php:332
C:\xampp\htdocs\twins-erp\vendor\laravel\framework\src\Illuminate\Testing\PendingCommand.php:556
C:\xampp\htdocs\twins-erp\vendor\laravel\framework\src\Illuminate\Foundation\Testing\Concerns\InteractsWithConsole.php:87
C:\xampp\htdocs\twins-erp\vendor\laravel\framework\src\Illuminate\Foundation\Testing\RefreshDatabase.php:66
C:\xampp\htdocs\twins-erp\vendor\laravel\framework\src\Illuminate\Foundation\Testing\RefreshDatabase.php:25
C:\xampp\htdocs\twins-erp\vendor\laravel\framework\src\Illuminate\Foundation\Testing\Concerns\InteractsWithTestCaseLifecycle.php:209
C:\xampp\htdocs\twins-erp\vendor\laravel\framework\src\Illuminate\Foundation\Testing\Concerns\InteractsWithTestCaseLifecycle.php:97
C:\xampp\htdocs\twins-erp\vendor\laravel\framework\src\Illuminate\Foundation\Testing\TestCase.php:44
C:\xampp\htdocs\twins-erp\tests\TestCase.php:19</error>
        </testcase>
        <testcase name="test_owner_can_create_transporter" file="C:\xampp\htdocs\twins-erp\tests\Feature\Settings\TransportersTest.php" line="44" class="Tests\Feature\Settings\TransportersTest" classname="Tests.Feature.Settings.TransportersTest" assertions="0" time="0.000000">
          <error type="Illuminate\Database\QueryException">Tests\Feature\Settings\TransportersTest::test_owner_can_create_transporter&#13;
Illuminate\Database\QueryException: SQLSTATE[42S02]: Base table or view not found: 1146 Table 'twins_testing.purchases' doesn't exist (Connection: mysql, SQL: alter table `purchases` add `depot_id` bigint unsigned null after `product_id`)
&#13;
C:\xampp\htdocs\twins-erp\vendor\laravel\framework\src\Illuminate\Database\Connection.php:571
C:\xampp\htdocs\twins-erp\vendor\laravel\framework\src\Illuminate\Database\Connection.php:812
C:\xampp\htdocs\twins-erp\vendor\laravel\framework\src\Illuminate\Database\Connection.php:779
C:\xampp\htdocs\twins-erp\vendor\laravel\framework\src\Illuminate\Database\Connection.php:560
C:\xampp\htdocs\twins-erp\vendor\laravel\framework\src\Illuminate\Database\Schema\Blueprint.php:118
C:\xampp\htdocs\twins-erp\vendor\laravel\framework\src\Illuminate\Database\Schema\Builder.php:564
C:\xampp\htdocs\twins-erp\vendor\laravel\framework\src\Illuminate\Database\Schema\Builder.php:406
C:\xampp\htdocs\twins-erp\vendor\laravel\framework\src\Illuminate\Support\Facades\Facade.php:361
C:\xampp\htdocs\twins-erp\database\migrations\2026_02_06_192441_add_depot_id_to_purchases_table.php:10
C:\xampp\htdocs\twins-erp\vendor\laravel\framework\src\Illuminate\Database\Migrations\Migrator.php:507
C:\xampp\htdocs\twins-erp\vendor\laravel\framework\src\Illuminate\Database\Migrations\Migrator.php:432
C:\xampp\htdocs\twins-erp\vendor\laravel\framework\src\Illuminate\Database\Migrations\Migrator.php:441
C:\xampp\htdocs\twins-erp\vendor\laravel\framework\src\Illuminate\Database\Migrations\Migrator.php:244
C:\xampp\htdocs\twins-erp\vendor\laravel\framework\src\Illuminate\Console\View\Components\Task.php:40
C:\xampp\htdocs\twins-erp\vendor\laravel\framework\src\Illuminate\Database\Migrations\Migrator.php:798
C:\xampp\htdocs\twins-erp\vendor\laravel\framework\src\Illuminate\Database\Migrations\Migrator.php:244
C:\xampp\htdocs\twins-erp\vendor\laravel\framework\src\Illuminate\Database\Migrations\Migrator.php:211
C:\xampp\htdocs\twins-erp\vendor\laravel\framework\src\Illuminate\Database\Migrations\Migrator.php:138
C:\xampp\htdocs\twins-erp\vendor\laravel\framework\src\Illuminate\Database\Console\Migrations\MigrateCommand.php:117
C:\xampp\htdocs\twins-erp\vendor\laravel\framework\src\Illuminate\Database\Migrations\Migrator.php:658
C:\xampp\htdocs\twins-erp\vendor\laravel\framework\src\Illuminate\Database\Console\Migrations\MigrateCommand.php:110
C:\xampp\htdocs\twins-erp\vendor\laravel\framework\src\Illuminate\Database\Console\Migrations\MigrateCommand.php:89
C:\xampp\htdocs\twins-erp\vendor\laravel\framework\src\Illuminate\Container\BoundMethod.php:36
C:\xampp\htdocs\twins-erp\vendor\laravel\framework\src\Illuminate\Container\Util.php:43
C:\xampp\htdocs\twins-erp\vendor\laravel\framework\src\Illuminate\Container\BoundMethod.php:95
C:\xampp\htdocs\twins-erp\vendor\laravel\framework\src\Illuminate\Container\BoundMethod.php:35
C:\xampp\htdocs\twins-erp\vendor\laravel\framework\src\Illuminate\Container\Container.php:696
C:\xampp\htdocs\twins-erp\vendor\laravel\framework\src\Illuminate\Console\Command.php:213
C:\xampp\htdocs\twins-erp\vendor\symfony\console\Command\Command.php:318
C:\xampp\htdocs\twins-erp\vendor\laravel\framework\src\Illuminate\Console\Command.php:182
C:\xampp\htdocs\twins-erp\vendor\laravel\framework\src\Illuminate\Console\Concerns\CallsCommands.php:68
C:\xampp\htdocs\twins-erp\vendor\laravel\framework\src\Illuminate\Console\Concerns\CallsCommands.php:29
C:\xampp\htdocs\twins-erp\vendor\laravel\framework\src\Illuminate\Database\Console\Migrations\FreshCommand.php:82
C:\xampp\htdocs\twins-erp\vendor\laravel\framework\src\Illuminate\Container\BoundMethod.php:36
C:\xampp\htdocs\twins-erp\vendor\laravel\framework\src\Illuminate\Container\Util.php:43
C:\xampp\htdocs\twins-erp\vendor\laravel\framework\src\Illuminate\Container\BoundMethod.php:95
C:\xampp\htdocs\twins-erp\vendor\laravel\framework\src\Illuminate\Container\BoundMethod.php:35
C:\xampp\htdocs\twins-erp\vendor\laravel\framework\src\Illuminate\Container\Container.php:696
C:\xampp\htdocs\twins-erp\vendor\laravel\framework\src\Illuminate\Console\Command.php:213
C:\xampp\htdocs\twins-erp\vendor\symfony\console\Command\Command.php:318
C:\xampp\htdocs\twins-erp\vendor\laravel\framework\src\Illuminate\Console\Command.php:182
C:\xampp\htdocs\twins-erp\vendor\symfony\console\Application.php:1055
C:\xampp\htdocs\twins-erp\vendor\symfony\console\Application.php:356
C:\xampp\htdocs\twins-erp\vendor\symfony\console\Application.php:195
C:\xampp\htdocs\twins-erp\vendor\laravel\framework\src\Illuminate\Console\Application.php:166
C:\xampp\htdocs\twins-erp\vendor\laravel\framework\src\Illuminate\Foundation\Console\Kernel.php:427
C:\xampp\htdocs\twins-erp\vendor\laravel\framework\src\Illuminate\Testing\PendingCommand.php:332
C:\xampp\htdocs\twins-erp\vendor\laravel\framework\src\Illuminate\Testing\PendingCommand.php:556
C:\xampp\htdocs\twins-erp\vendor\laravel\framework\src\Illuminate\Foundation\Testing\Concerns\InteractsWithConsole.php:87
C:\xampp\htdocs\twins-erp\vendor\laravel\framework\src\Illuminate\Foundation\Testing\RefreshDatabase.php:66
C:\xampp\htdocs\twins-erp\vendor\laravel\framework\src\Illuminate\Foundation\Testing\RefreshDatabase.php:25
C:\xampp\htdocs\twins-erp\vendor\laravel\framework\src\Illuminate\Foundation\Testing\Concerns\InteractsWithTestCaseLifecycle.php:209
C:\xampp\htdocs\twins-erp\vendor\laravel\framework\src\Illuminate\Foundation\Testing\Concerns\InteractsWithTestCaseLifecycle.php:97
C:\xampp\htdocs\twins-erp\vendor\laravel\framework\src\Illuminate\Foundation\Testing\TestCase.php:44
C:\xampp\htdocs\twins-erp\tests\TestCase.php:19</error>
        </testcase>
        <testcase name="test_owner_can_toggle_transporter_active" file="C:\xampp\htdocs\twins-erp\tests\Feature\Settings\TransportersTest.php" line="68" class="Tests\Feature\Settings\TransportersTest" classname="Tests.Feature.Settings.TransportersTest" assertions="0" time="0.000000">
          <error type="Illuminate\Database\QueryException">Tests\Feature\Settings\TransportersTest::test_owner_can_toggle_transporter_active&#13;
Illuminate\Database\QueryException: SQLSTATE[42S02]: Base table or view not found: 1146 Table 'twins_testing.purchases' doesn't exist (Connection: mysql, SQL: alter table `purchases` add `depot_id` bigint unsigned null after `product_id`)
&#13;
C:\xampp\htdocs\twins-erp\vendor\laravel\framework\src\Illuminate\Database\Connection.php:571
C:\xampp\htdocs\twins-erp\vendor\laravel\framework\src\Illuminate\Database\Connection.php:812
C:\xampp\htdocs\twins-erp\vendor\laravel\framework\src\Illuminate\Database\Connection.php:779
C:\xampp\htdocs\twins-erp\vendor\laravel\framework\src\Illuminate\Database\Connection.php:560
C:\xampp\htdocs\twins-erp\vendor\laravel\framework\src\Illuminate\Database\Schema\Blueprint.php:118
C:\xampp\htdocs\twins-erp\vendor\laravel\framework\src\Illuminate\Database\Schema\Builder.php:564
C:\xampp\htdocs\twins-erp\vendor\laravel\framework\src\Illuminate\Database\Schema\Builder.php:406
C:\xampp\htdocs\twins-erp\vendor\laravel\framework\src\Illuminate\Support\Facades\Facade.php:361
C:\xampp\htdocs\twins-erp\database\migrations\2026_02_06_192441_add_depot_id_to_purchases_table.php:10
C:\xampp\htdocs\twins-erp\vendor\laravel\framework\src\Illuminate\Database\Migrations\Migrator.php:507
C:\xampp\htdocs\twins-erp\vendor\laravel\framework\src\Illuminate\Database\Migrations\Migrator.php:432
C:\xampp\htdocs\twins-erp\vendor\laravel\framework\src\Illuminate\Database\Migrations\Migrator.php:441
C:\xampp\htdocs\twins-erp\vendor\laravel\framework\src\Illuminate\Database\Migrations\Migrator.php:244
C:\xampp\htdocs\twins-erp\vendor\laravel\framework\src\Illuminate\Console\View\Components\Task.php:40
C:\xampp\htdocs\twins-erp\vendor\laravel\framework\src\Illuminate\Database\Migrations\Migrator.php:798
C:\xampp\htdocs\twins-erp\vendor\laravel\framework\src\Illuminate\Database\Migrations\Migrator.php:244
C:\xampp\htdocs\twins-erp\vendor\laravel\framework\src\Illuminate\Database\Migrations\Migrator.php:211
C:\xampp\htdocs\twins-erp\vendor\laravel\framework\src\Illuminate\Database\Migrations\Migrator.php:138
C:\xampp\htdocs\twins-erp\vendor\laravel\framework\src\Illuminate\Database\Console\Migrations\MigrateCommand.php:117
C:\xampp\htdocs\twins-erp\vendor\laravel\framework\src\Illuminate\Database\Migrations\Migrator.php:658
C:\xampp\htdocs\twins-erp\vendor\laravel\framework\src\Illuminate\Database\Console\Migrations\MigrateCommand.php:110
C:\xampp\htdocs\twins-erp\vendor\laravel\framework\src\Illuminate\Database\Console\Migrations\MigrateCommand.php:89
C:\xampp\htdocs\twins-erp\vendor\laravel\framework\src\Illuminate\Container\BoundMethod.php:36
C:\xampp\htdocs\twins-erp\vendor\laravel\framework\src\Illuminate\Container\Util.php:43
C:\xampp\htdocs\twins-erp\vendor\laravel\framework\src\Illuminate\Container\BoundMethod.php:95
C:\xampp\htdocs\twins-erp\vendor\laravel\framework\src\Illuminate\Container\BoundMethod.php:35
C:\xampp\htdocs\twins-erp\vendor\laravel\framework\src\Illuminate\Container\Container.php:696
C:\xampp\htdocs\twins-erp\vendor\laravel\framework\src\Illuminate\Console\Command.php:213
C:\xampp\htdocs\twins-erp\vendor\symfony\console\Command\Command.php:318
C:\xampp\htdocs\twins-erp\vendor\laravel\framework\src\Illuminate\Console\Command.php:182
C:\xampp\htdocs\twins-erp\vendor\laravel\framework\src\Illuminate\Console\Concerns\CallsCommands.php:68
C:\xampp\htdocs\twins-erp\vendor\laravel\framework\src\Illuminate\Console\Concerns\CallsCommands.php:29
C:\xampp\htdocs\twins-erp\vendor\laravel\framework\src\Illuminate\Database\Console\Migrations\FreshCommand.php:82
C:\xampp\htdocs\twins-erp\vendor\laravel\framework\src\Illuminate\Container\BoundMethod.php:36
C:\xampp\htdocs\twins-erp\vendor\laravel\framework\src\Illuminate\Container\Util.php:43
C:\xampp\htdocs\twins-erp\vendor\laravel\framework\src\Illuminate\Container\BoundMethod.php:95
C:\xampp\htdocs\twins-erp\vendor\laravel\framework\src\Illuminate\Container\BoundMethod.php:35
C:\xampp\htdocs\twins-erp\vendor\laravel\framework\src\Illuminate\Container\Container.php:696
C:\xampp\htdocs\twins-erp\vendor\laravel\framework\src\Illuminate\Console\Command.php:213
C:\xampp\htdocs\twins-erp\vendor\symfony\console\Command\Command.php:318
C:\xampp\htdocs\twins-erp\vendor\laravel\framework\src\Illuminate\Console\Command.php:182
C:\xampp\htdocs\twins-erp\vendor\symfony\console\Application.php:1055
C:\xampp\htdocs\twins-erp\vendor\symfony\console\Application.php:356
C:\xampp\htdocs\twins-erp\vendor\symfony\console\Application.php:195
C:\xampp\htdocs\twins-erp\vendor\laravel\framework\src\Illuminate\Console\Application.php:166
C:\xampp\htdocs\twins-erp\vendor\laravel\framework\src\Illuminate\Foundation\Console\Kernel.php:427
C:\xampp\htdocs\twins-erp\vendor\laravel\framework\src\Illuminate\Testing\PendingCommand.php:332
C:\xampp\htdocs\twins-erp\vendor\laravel\framework\src\Illuminate\Testing\PendingCommand.php:556
C:\xampp\htdocs\twins-erp\vendor\laravel\framework\src\Illuminate\Foundation\Testing\Concerns\InteractsWithConsole.php:87
C:\xampp\htdocs\twins-erp\vendor\laravel\framework\src\Illuminate\Foundation\Testing\RefreshDatabase.php:66
C:\xampp\htdocs\twins-erp\vendor\laravel\framework\src\Illuminate\Foundation\Testing\RefreshDatabase.php:25
C:\xampp\htdocs\twins-erp\vendor\laravel\framework\src\Illuminate\Foundation\Testing\Concerns\InteractsWithTestCaseLifecycle.php:209
C:\xampp\htdocs\twins-erp\vendor\laravel\framework\src\Illuminate\Foundation\Testing\Concerns\InteractsWithTestCaseLifecycle.php:97
C:\xampp\htdocs\twins-erp\vendor\laravel\framework\src\Illuminate\Foundation\Testing\TestCase.php:44
C:\xampp\htdocs\twins-erp\tests\TestCase.php:19</error>
        </testcase>
      </testsuite>
      <testsuite name="Tests\Feature\SmokeTest" file="C:\xampp\htdocs\twins-erp\tests\Feature\SmokeTest.php" tests="1" assertions="0" errors="1" failures="0" skipped="0" time="0.000000">
        <testcase name="test_basic_math_works" file="C:\xampp\htdocs\twins-erp\tests\Feature\SmokeTest.php" line="9" class="Tests\Feature\SmokeTest" classname="Tests.Feature.SmokeTest" assertions="0" time="0.000000">
          <error type="Illuminate\Database\QueryException">Tests\Feature\SmokeTest::test_basic_math_works&#13;
Illuminate\Database\QueryException: SQLSTATE[42S02]: Base table or view not found: 1146 Table 'twins_testing.purchases' doesn't exist (Connection: mysql, SQL: alter table `purchases` add `depot_id` bigint unsigned null after `product_id`)
&#13;
C:\xampp\htdocs\twins-erp\vendor\laravel\framework\src\Illuminate\Database\Connection.php:571
C:\xampp\htdocs\twins-erp\vendor\laravel\framework\src\Illuminate\Database\Connection.php:812
C:\xampp\htdocs\twins-erp\vendor\laravel\framework\src\Illuminate\Database\Connection.php:779
C:\xampp\htdocs\twins-erp\vendor\laravel\framework\src\Illuminate\Database\Connection.php:560
C:\xampp\htdocs\twins-erp\vendor\laravel\framework\src\Illuminate\Database\Schema\Blueprint.php:118
C:\xampp\htdocs\twins-erp\vendor\laravel\framework\src\Illuminate\Database\Schema\Builder.php:564
C:\xampp\htdocs\twins-erp\vendor\laravel\framework\src\Illuminate\Database\Schema\Builder.php:406
C:\xampp\htdocs\twins-erp\vendor\laravel\framework\src\Illuminate\Support\Facades\Facade.php:361
C:\xampp\htdocs\twins-erp\database\migrations\2026_02_06_192441_add_depot_id_to_purchases_table.php:10
C:\xampp\htdocs\twins-erp\vendor\laravel\framework\src\Illuminate\Database\Migrations\Migrator.php:507
C:\xampp\htdocs\twins-erp\vendor\laravel\framework\src\Illuminate\Database\Migrations\Migrator.php:432
C:\xampp\htdocs\twins-erp\vendor\laravel\framework\src\Illuminate\Database\Migrations\Migrator.php:441
C:\xampp\htdocs\twins-erp\vendor\laravel\framework\src\Illuminate\Database\Migrations\Migrator.php:244
C:\xampp\htdocs\twins-erp\vendor\laravel\framework\src\Illuminate\Console\View\Components\Task.php:40
C:\xampp\htdocs\twins-erp\vendor\laravel\framework\src\Illuminate\Database\Migrations\Migrator.php:798
C:\xampp\htdocs\twins-erp\vendor\laravel\framework\src\Illuminate\Database\Migrations\Migrator.php:244
C:\xampp\htdocs\twins-erp\vendor\laravel\framework\src\Illuminate\Database\Migrations\Migrator.php:211
C:\xampp\htdocs\twins-erp\vendor\laravel\framework\src\Illuminate\Database\Migrations\Migrator.php:138
C:\xampp\htdocs\twins-erp\vendor\laravel\framework\src\Illuminate\Database\Console\Migrations\MigrateCommand.php:117
C:\xampp\htdocs\twins-erp\vendor\laravel\framework\src\Illuminate\Database\Migrations\Migrator.php:658
C:\xampp\htdocs\twins-erp\vendor\laravel\framework\src\Illuminate\Database\Console\Migrations\MigrateCommand.php:110
C:\xampp\htdocs\twins-erp\vendor\laravel\framework\src\Illuminate\Database\Console\Migrations\MigrateCommand.php:89
C:\xampp\htdocs\twins-erp\vendor\laravel\framework\src\Illuminate\Container\BoundMethod.php:36
C:\xampp\htdocs\twins-erp\vendor\laravel\framework\src\Illuminate\Container\Util.php:43
C:\xampp\htdocs\twins-erp\vendor\laravel\framework\src\Illuminate\Container\BoundMethod.php:95
C:\xampp\htdocs\twins-erp\vendor\laravel\framework\src\Illuminate\Container\BoundMethod.php:35
C:\xampp\htdocs\twins-erp\vendor\laravel\framework\src\Illuminate\Container\Container.php:696
C:\xampp\htdocs\twins-erp\vendor\laravel\framework\src\Illuminate\Console\Command.php:213
C:\xampp\htdocs\twins-erp\vendor\symfony\console\Command\Command.php:318
C:\xampp\htdocs\twins-erp\vendor\laravel\framework\src\Illuminate\Console\Command.php:182
C:\xampp\htdocs\twins-erp\vendor\laravel\framework\src\Illuminate\Console\Concerns\CallsCommands.php:68
C:\xampp\htdocs\twins-erp\vendor\laravel\framework\src\Illuminate\Console\Concerns\CallsCommands.php:29
C:\xampp\htdocs\twins-erp\vendor\laravel\framework\src\Illuminate\Database\Console\Migrations\FreshCommand.php:82
C:\xampp\htdocs\twins-erp\vendor\laravel\framework\src\Illuminate\Container\BoundMethod.php:36
C:\xampp\htdocs\twins-erp\vendor\laravel\framework\src\Illuminate\Container\Util.php:43
C:\xampp\htdocs\twins-erp\vendor\laravel\framework\src\Illuminate\Container\BoundMethod.php:95
C:\xampp\htdocs\twins-erp\vendor\laravel\framework\src\Illuminate\Container\BoundMethod.php:35
C:\xampp\htdocs\twins-erp\vendor\laravel\framework\src\Illuminate\Container\Container.php:696
C:\xampp\htdocs\twins-erp\vendor\laravel\framework\src\Illuminate\Console\Command.php:213
C:\xampp\htdocs\twins-erp\vendor\symfony\console\Command\Command.php:318
C:\xampp\htdocs\twins-erp\vendor\laravel\framework\src\Illuminate\Console\Command.php:182
C:\xampp\htdocs\twins-erp\vendor\symfony\console\Application.php:1055
C:\xampp\htdocs\twins-erp\vendor\symfony\console\Application.php:356
C:\xampp\htdocs\twins-erp\vendor\symfony\console\Application.php:195
C:\xampp\htdocs\twins-erp\vendor\laravel\framework\src\Illuminate\Console\Application.php:166
C:\xampp\htdocs\twins-erp\vendor\laravel\framework\src\Illuminate\Foundation\Console\Kernel.php:427
C:\xampp\htdocs\twins-erp\vendor\laravel\framework\src\Illuminate\Testing\PendingCommand.php:332
C:\xampp\htdocs\twins-erp\vendor\laravel\framework\src\Illuminate\Testing\PendingCommand.php:556
C:\xampp\htdocs\twins-erp\vendor\laravel\framework\src\Illuminate\Foundation\Testing\Concerns\InteractsWithConsole.php:87
C:\xampp\htdocs\twins-erp\vendor\laravel\framework\src\Illuminate\Foundation\Testing\RefreshDatabase.php:66
C:\xampp\htdocs\twins-erp\vendor\laravel\framework\src\Illuminate\Foundation\Testing\RefreshDatabase.php:25
C:\xampp\htdocs\twins-erp\vendor\laravel\framework\src\Illuminate\Foundation\Testing\Concerns\InteractsWithTestCaseLifecycle.php:209
C:\xampp\htdocs\twins-erp\vendor\laravel\framework\src\Illuminate\Foundation\Testing\Concerns\InteractsWithTestCaseLifecycle.php:97
C:\xampp\htdocs\twins-erp\vendor\laravel\framework\src\Illuminate\Foundation\Testing\TestCase.php:44
C:\xampp\htdocs\twins-erp\tests\TestCase.php:19</error>
        </testcase>
      </testsuite>
    </testsuite>
  </testsuite>
</testsuites>
